2020-05-07 09:32:00.568 [main] INFO  com.alibaba.otter.canal.deployer.CanalLauncher - ## set default uncaught exception handler
2020-05-07 09:32:00.598 [main] INFO  com.alibaba.otter.canal.deployer.CanalLauncher - ## load canal configurations
2020-05-07 09:32:00.606 [main] INFO  com.alibaba.otter.canal.deployer.CanalStarter - ## start the canal server.
2020-05-07 09:32:00.635 [main] INFO  com.alibaba.otter.canal.deployer.CanalController - ## start the canal server[192.168.1.175(192.168.1.175):11111]
2020-05-07 09:32:01.114 [main] ERROR c.a.o.c.common.zookeeper.running.ServerRunningMonitor - start failed
com.google.common.collect.ComputationException: com.alibaba.otter.canal.common.CanalException: org.springframework.beans.factory.BeanCreationException: Error creating bean with name 'instance' defined in class path resource [spring/file-instance.xml]: Cannot resolve reference to bean 'eventParser' while setting bean property 'eventParser'; nested exception is org.springframework.beans.factory.BeanCreationException: Error creating bean with name 'eventParser' defined in class path resource [spring/file-instance.xml]: Initialization of bean failed; nested exception is org.springframework.beans.TypeMismatchException: Failed to convert property value of type 'java.lang.String' to required type 'java.nio.charset.Charset' for property 'connectionCharset'; nested exception is java.nio.charset.IllegalCharsetNameException: UTF-8 #mysql编码
	at com.google.common.collect.MapMaker$ComputingMapAdapter.get(MapMaker.java:889) ~[guava-18.0.jar:na]
	at com.alibaba.otter.canal.server.embedded.CanalServerWithEmbedded.start(CanalServerWithEmbedded.java:137) ~[canal.server-1.1.5-SNAPSHOT.jar:na]
	at com.alibaba.otter.canal.deployer.CanalController$2$1.processActiveEnter(CanalController.java:160) ~[canal.deployer-1.1.5-SNAPSHOT.jar:na]
	at com.alibaba.otter.canal.common.zookeeper.running.ServerRunningMonitor.processActiveEnter(ServerRunningMonitor.java:247) ~[canal.common-1.1.5-SNAPSHOT.jar:na]
	at com.alibaba.otter.canal.common.zookeeper.running.ServerRunningMonitor.start(ServerRunningMonitor.java:104) ~[canal.common-1.1.5-SNAPSHOT.jar:na]
	at com.alibaba.otter.canal.deployer.CanalController.start(CanalController.java:513) [canal.deployer-1.1.5-SNAPSHOT.jar:na]
	at com.alibaba.otter.canal.deployer.CanalStarter.start(CanalStarter.java:85) [canal.deployer-1.1.5-SNAPSHOT.jar:na]
	at com.alibaba.otter.canal.deployer.CanalLauncher.main(CanalLauncher.java:115) [canal.deployer-1.1.5-SNAPSHOT.jar:na]
Caused by: com.alibaba.otter.canal.common.CanalException: org.springframework.beans.factory.BeanCreationException: Error creating bean with name 'instance' defined in class path resource [spring/file-instance.xml]: Cannot resolve reference to bean 'eventParser' while setting bean property 'eventParser'; nested exception is org.springframework.beans.factory.BeanCreationException: Error creating bean with name 'eventParser' defined in class path resource [spring/file-instance.xml]: Initialization of bean failed; nested exception is org.springframework.beans.TypeMismatchException: Failed to convert property value of type 'java.lang.String' to required type 'java.nio.charset.Charset' for property 'connectionCharset'; nested exception is java.nio.charset.IllegalCharsetNameException: UTF-8 #mysql编码
Caused by: org.springframework.beans.factory.BeanCreationException: Error creating bean with name 'instance' defined in class path resource [spring/file-instance.xml]: Cannot resolve reference to bean 'eventParser' while setting bean property 'eventParser'; nested exception is org.springframework.beans.factory.BeanCreationException: Error creating bean with name 'eventParser' defined in class path resource [spring/file-instance.xml]: Initialization of bean failed; nested exception is org.springframework.beans.TypeMismatchException: Failed to convert property value of type 'java.lang.String' to required type 'java.nio.charset.Charset' for property 'connectionCharset'; nested exception is java.nio.charset.IllegalCharsetNameException: UTF-8 #mysql编码
	at org.springframework.beans.factory.support.BeanDefinitionValueResolver.resolveReference(BeanDefinitionValueResolver.java:334) ~[spring-beans-3.2.18.RELEASE.jar:3.2.18.RELEASE]
	at org.springframework.beans.factory.support.BeanDefinitionValueResolver.resolveValueIfNecessary(BeanDefinitionValueResolver.java:108) ~[spring-beans-3.2.18.RELEASE.jar:3.2.18.RELEASE]
	at org.springframework.beans.factory.support.AbstractAutowireCapableBeanFactory.applyPropertyValues(AbstractAutowireCapableBeanFactory.java:1419) ~[spring-beans-3.2.18.RELEASE.jar:3.2.18.RELEASE]
	at org.springframework.beans.factory.support.AbstractAutowireCapableBeanFactory.populateBean(AbstractAutowireCapableBeanFactory.java:1160) ~[spring-beans-3.2.18.RELEASE.jar:3.2.18.RELEASE]
	at org.springframework.beans.factory.support.AbstractAutowireCapableBeanFactory.doCreateBean(AbstractAutowireCapableBeanFactory.java:517) ~[spring-beans-3.2.18.RELEASE.jar:3.2.18.RELEASE]
	at org.springframework.beans.factory.support.AbstractAutowireCapableBeanFactory.createBean(AbstractAutowireCapableBeanFactory.java:456) ~[spring-beans-3.2.18.RELEASE.jar:3.2.18.RELEASE]
	at org.springframework.beans.factory.support.AbstractBeanFactory$1.getObject(AbstractBeanFactory.java:293) ~[spring-beans-3.2.18.RELEASE.jar:3.2.18.RELEASE]
	at org.springframework.beans.factory.support.DefaultSingletonBeanRegistry.getSingleton(DefaultSingletonBeanRegistry.java:223) ~[spring-beans-3.2.18.RELEASE.jar:3.2.18.RELEASE]
	at org.springframework.beans.factory.support.AbstractBeanFactory.doGetBean(AbstractBeanFactory.java:290) ~[spring-beans-3.2.18.RELEASE.jar:3.2.18.RELEASE]
	at org.springframework.beans.factory.support.AbstractBeanFactory.getBean(AbstractBeanFactory.java:191) ~[spring-beans-3.2.18.RELEASE.jar:3.2.18.RELEASE]
	at org.springframework.beans.factory.support.DefaultListableBeanFactory.preInstantiateSingletons(DefaultListableBeanFactory.java:638) ~[spring-beans-3.2.18.RELEASE.jar:3.2.18.RELEASE]
	at org.springframework.context.support.AbstractApplicationContext.finishBeanFactoryInitialization(AbstractApplicationContext.java:942) ~[spring-context-3.2.18.RELEASE.jar:3.2.18.RELEASE]
	at org.springframework.context.support.AbstractApplicationContext.refresh(AbstractApplicationContext.java:482) ~[spring-context-3.2.18.RELEASE.jar:3.2.18.RELEASE]
	at org.springframework.context.support.ClassPathXmlApplicationContext.<init>(ClassPathXmlApplicationContext.java:139) ~[spring-context-3.2.18.RELEASE.jar:3.2.18.RELEASE]
	at org.springframework.context.support.ClassPathXmlApplicationContext.<init>(ClassPathXmlApplicationContext.java:83) ~[spring-context-3.2.18.RELEASE.jar:3.2.18.RELEASE]
	at com.alibaba.otter.canal.instance.spring.SpringCanalInstanceGenerator.getBeanFactory(SpringCanalInstanceGenerator.java:46) ~[canal.instance.spring-1.1.5-SNAPSHOT.jar:na]
	at com.alibaba.otter.canal.instance.spring.SpringCanalInstanceGenerator.generate(SpringCanalInstanceGenerator.java:29) ~[canal.instance.spring-1.1.5-SNAPSHOT.jar:na]
	at com.alibaba.otter.canal.deployer.CanalController$5.generate(CanalController.java:392) ~[canal.deployer-1.1.5-SNAPSHOT.jar:na]
	at com.alibaba.otter.canal.server.embedded.CanalServerWithEmbedded$1.apply(CanalServerWithEmbedded.java:85) ~[canal.server-1.1.5-SNAPSHOT.jar:na]
	at com.alibaba.otter.canal.server.embedded.CanalServerWithEmbedded$1.apply(CanalServerWithEmbedded.java:82) ~[canal.server-1.1.5-SNAPSHOT.jar:na]
	at com.google.common.collect.ComputingConcurrentHashMap$ComputingValueReference.compute(ComputingConcurrentHashMap.java:356) ~[guava-18.0.jar:na]
	at com.google.common.collect.ComputingConcurrentHashMap$ComputingSegment.compute(ComputingConcurrentHashMap.java:182) ~[guava-18.0.jar:na]
	at com.google.common.collect.ComputingConcurrentHashMap$ComputingSegment.getOrCompute(ComputingConcurrentHashMap.java:151) ~[guava-18.0.jar:na]
	at com.google.common.collect.ComputingConcurrentHashMap.getOrCompute(ComputingConcurrentHashMap.java:67) ~[guava-18.0.jar:na]
	at com.google.common.collect.MapMaker$ComputingMapAdapter.get(MapMaker.java:885) ~[guava-18.0.jar:na]
	at com.alibaba.otter.canal.server.embedded.CanalServerWithEmbedded.start(CanalServerWithEmbedded.java:137) ~[canal.server-1.1.5-SNAPSHOT.jar:na]
	at com.alibaba.otter.canal.deployer.CanalController$2$1.processActiveEnter(CanalController.java:160) ~[canal.deployer-1.1.5-SNAPSHOT.jar:na]
	at com.alibaba.otter.canal.common.zookeeper.running.ServerRunningMonitor.processActiveEnter(ServerRunningMonitor.java:247) ~[canal.common-1.1.5-SNAPSHOT.jar:na]
	at com.alibaba.otter.canal.common.zookeeper.running.ServerRunningMonitor.start(ServerRunningMonitor.java:104) ~[canal.common-1.1.5-SNAPSHOT.jar:na]
	at com.alibaba.otter.canal.deployer.CanalController.start(CanalController.java:513) [canal.deployer-1.1.5-SNAPSHOT.jar:na]
	at com.alibaba.otter.canal.deployer.CanalStarter.start(CanalStarter.java:85) [canal.deployer-1.1.5-SNAPSHOT.jar:na]
	at com.alibaba.otter.canal.deployer.CanalLauncher.main(CanalLauncher.java:115) [canal.deployer-1.1.5-SNAPSHOT.jar:na]
Caused by: org.springframework.beans.factory.BeanCreationException: Error creating bean with name 'eventParser' defined in class path resource [spring/file-instance.xml]: Initialization of bean failed; nested exception is org.springframework.beans.TypeMismatchException: Failed to convert property value of type 'java.lang.String' to required type 'java.nio.charset.Charset' for property 'connectionCharset'; nested exception is java.nio.charset.IllegalCharsetNameException: UTF-8 #mysql编码
	at org.springframework.beans.factory.support.AbstractAutowireCapableBeanFactory.doCreateBean(AbstractAutowireCapableBeanFactory.java:527) ~[spring-beans-3.2.18.RELEASE.jar:3.2.18.RELEASE]
	at org.springframework.beans.factory.support.AbstractAutowireCapableBeanFactory.createBean(AbstractAutowireCapableBeanFactory.java:456) ~[spring-beans-3.2.18.RELEASE.jar:3.2.18.RELEASE]
	at org.springframework.beans.factory.support.AbstractBeanFactory$1.getObject(AbstractBeanFactory.java:293) ~[spring-beans-3.2.18.RELEASE.jar:3.2.18.RELEASE]
	at org.springframework.beans.factory.support.DefaultSingletonBeanRegistry.getSingleton(DefaultSingletonBeanRegistry.java:223) ~[spring-beans-3.2.18.RELEASE.jar:3.2.18.RELEASE]
	at org.springframework.beans.factory.support.AbstractBeanFactory.doGetBean(AbstractBeanFactory.java:290) ~[spring-beans-3.2.18.RELEASE.jar:3.2.18.RELEASE]
	at org.springframework.beans.factory.support.AbstractBeanFactory.getBean(AbstractBeanFactory.java:191) ~[spring-beans-3.2.18.RELEASE.jar:3.2.18.RELEASE]
	at org.springframework.beans.factory.support.BeanDefinitionValueResolver.resolveReference(BeanDefinitionValueResolver.java:328) ~[spring-beans-3.2.18.RELEASE.jar:3.2.18.RELEASE]
	... 31 common frames omitted
Caused by: org.springframework.beans.TypeMismatchException: Failed to convert property value of type 'java.lang.String' to required type 'java.nio.charset.Charset' for property 'connectionCharset'; nested exception is java.nio.charset.IllegalCharsetNameException: UTF-8 #mysql编码
	at org.springframework.beans.BeanWrapperImpl.convertIfNecessary(BeanWrapperImpl.java:469) ~[spring-beans-3.2.18.RELEASE.jar:3.2.18.RELEASE]
	at org.springframework.beans.BeanWrapperImpl.convertForProperty(BeanWrapperImpl.java:495) ~[spring-beans-3.2.18.RELEASE.jar:3.2.18.RELEASE]
	at org.springframework.beans.BeanWrapperImpl.convertForProperty(BeanWrapperImpl.java:489) ~[spring-beans-3.2.18.RELEASE.jar:3.2.18.RELEASE]
	at org.springframework.beans.factory.support.AbstractAutowireCapableBeanFactory.convertForProperty(AbstractAutowireCapableBeanFactory.java:1465) ~[spring-beans-3.2.18.RELEASE.jar:3.2.18.RELEASE]
	at org.springframework.beans.factory.support.AbstractAutowireCapableBeanFactory.applyPropertyValues(AbstractAutowireCapableBeanFactory.java:1424) ~[spring-beans-3.2.18.RELEASE.jar:3.2.18.RELEASE]
	at org.springframework.beans.factory.support.AbstractAutowireCapableBeanFactory.populateBean(AbstractAutowireCapableBeanFactory.java:1160) ~[spring-beans-3.2.18.RELEASE.jar:3.2.18.RELEASE]
	at org.springframework.beans.factory.support.AbstractAutowireCapableBeanFactory.doCreateBean(AbstractAutowireCapableBeanFactory.java:517) ~[spring-beans-3.2.18.RELEASE.jar:3.2.18.RELEASE]
	... 37 common frames omitted
Caused by: java.nio.charset.IllegalCharsetNameException: UTF-8 #mysql编码
	at java.nio.charset.Charset.checkName(Charset.java:315) ~[na:1.8.0_251]
	at java.nio.charset.Charset.lookup2(Charset.java:484) ~[na:1.8.0_251]
	at java.nio.charset.Charset.lookup(Charset.java:464) ~[na:1.8.0_251]
	at java.nio.charset.Charset.forName(Charset.java:528) ~[na:1.8.0_251]
	at org.springframework.beans.propertyeditors.CharsetEditor.setAsText(CharsetEditor.java:40) ~[spring-beans-3.2.18.RELEASE.jar:3.2.18.RELEASE]
	at org.springframework.beans.TypeConverterDelegate.doConvertTextValue(TypeConverterDelegate.java:455) ~[spring-beans-3.2.18.RELEASE.jar:3.2.18.RELEASE]
	at org.springframework.beans.TypeConverterDelegate.doConvertValue(TypeConverterDelegate.java:427) ~[spring-beans-3.2.18.RELEASE.jar:3.2.18.RELEASE]
	at org.springframework.beans.TypeConverterDelegate.convertIfNecessary(TypeConverterDelegate.java:181) ~[spring-beans-3.2.18.RELEASE.jar:3.2.18.RELEASE]
	at org.springframework.beans.BeanWrapperImpl.convertIfNecessary(BeanWrapperImpl.java:449) ~[spring-beans-3.2.18.RELEASE.jar:3.2.18.RELEASE]
	... 43 common frames omitted
2020-05-07 09:32:01.146 [main] INFO  com.alibaba.otter.canal.deployer.CanalStarter - ## the canal server is running now ......
2020-05-07 09:35:19.949 [New I/O server worker #1-1] ERROR c.a.o.c.common.zookeeper.running.ServerRunningMonitor - start failed
com.google.common.collect.ComputationException: com.alibaba.otter.canal.common.CanalException: org.springframework.beans.factory.BeanCreationException: Error creating bean with name 'instance' defined in class path resource [spring/file-instance.xml]: Cannot resolve reference to bean 'eventParser' while setting bean property 'eventParser'; nested exception is org.springframework.beans.factory.BeanCreationException: Error creating bean with name 'eventParser' defined in class path resource [spring/file-instance.xml]: Initialization of bean failed; nested exception is org.springframework.beans.TypeMismatchException: Failed to convert property value of type 'java.lang.String' to required type 'java.nio.charset.Charset' for property 'connectionCharset'; nested exception is java.nio.charset.IllegalCharsetNameException: UTF-8 #mysql编码
	at com.google.common.collect.MapMaker$ComputingMapAdapter.get(MapMaker.java:889) ~[guava-18.0.jar:na]
	at com.alibaba.otter.canal.server.embedded.CanalServerWithEmbedded.start(CanalServerWithEmbedded.java:137) ~[canal.server-1.1.5-SNAPSHOT.jar:na]
	at com.alibaba.otter.canal.deployer.CanalController$2$1.processActiveEnter(CanalController.java:160) ~[canal.deployer-1.1.5-SNAPSHOT.jar:na]
	at com.alibaba.otter.canal.common.zookeeper.running.ServerRunningMonitor.processActiveEnter(ServerRunningMonitor.java:247) ~[canal.common-1.1.5-SNAPSHOT.jar:na]
	at com.alibaba.otter.canal.common.zookeeper.running.ServerRunningMonitor.start(ServerRunningMonitor.java:104) ~[canal.common-1.1.5-SNAPSHOT.jar:na]
	at com.alibaba.otter.canal.server.netty.handler.SessionHandler.messageReceived(SessionHandler.java:74) [canal.server-1.1.5-SNAPSHOT.jar:na]
	at org.jboss.netty.channel.SimpleChannelHandler.handleUpstream(SimpleChannelHandler.java:100) [netty-3.2.2.Final.jar:na]
	at org.jboss.netty.channel.DefaultChannelPipeline.sendUpstream(DefaultChannelPipeline.java:545) [netty-3.2.2.Final.jar:na]
	at org.jboss.netty.channel.DefaultChannelPipeline$DefaultChannelHandlerContext.sendUpstream(DefaultChannelPipeline.java:754) [netty-3.2.2.Final.jar:na]
	at org.jboss.netty.channel.SimpleChannelHandler.messageReceived(SimpleChannelHandler.java:154) [netty-3.2.2.Final.jar:na]
	at org.jboss.netty.channel.SimpleChannelHandler.handleUpstream(SimpleChannelHandler.java:100) [netty-3.2.2.Final.jar:na]
	at org.jboss.netty.handler.timeout.IdleStateAwareChannelHandler.handleUpstream(IdleStateAwareChannelHandler.java:48) [netty-3.2.2.Final.jar:na]
	at org.jboss.netty.channel.DefaultChannelPipeline.sendUpstream(DefaultChannelPipeline.java:545) [netty-3.2.2.Final.jar:na]
	at org.jboss.netty.channel.DefaultChannelPipeline$DefaultChannelHandlerContext.sendUpstream(DefaultChannelPipeline.java:754) [netty-3.2.2.Final.jar:na]
	at org.jboss.netty.handler.timeout.IdleStateHandler.messageReceived(IdleStateHandler.java:276) [netty-3.2.2.Final.jar:na]
	at org.jboss.netty.channel.SimpleChannelUpstreamHandler.handleUpstream(SimpleChannelUpstreamHandler.java:80) [netty-3.2.2.Final.jar:na]
	at org.jboss.netty.channel.DefaultChannelPipeline.sendUpstream(DefaultChannelPipeline.java:545) [netty-3.2.2.Final.jar:na]
	at org.jboss.netty.channel.DefaultChannelPipeline$DefaultChannelHandlerContext.sendUpstream(DefaultChannelPipeline.java:754) [netty-3.2.2.Final.jar:na]
	at org.jboss.netty.channel.Channels.fireMessageReceived(Channels.java:302) [netty-3.2.2.Final.jar:na]
	at org.jboss.netty.handler.codec.replay.ReplayingDecoder.unfoldAndfireMessageReceived(ReplayingDecoder.java:526) [netty-3.2.2.Final.jar:na]
	at org.jboss.netty.handler.codec.replay.ReplayingDecoder.callDecode(ReplayingDecoder.java:507) [netty-3.2.2.Final.jar:na]
	at org.jboss.netty.handler.codec.replay.ReplayingDecoder.messageReceived(ReplayingDecoder.java:444) [netty-3.2.2.Final.jar:na]
	at org.jboss.netty.channel.SimpleChannelUpstreamHandler.handleUpstream(SimpleChannelUpstreamHandler.java:80) [netty-3.2.2.Final.jar:na]
	at org.jboss.netty.channel.DefaultChannelPipeline.sendUpstream(DefaultChannelPipeline.java:545) [netty-3.2.2.Final.jar:na]
	at org.jboss.netty.channel.DefaultChannelPipeline.sendUpstream(DefaultChannelPipeline.java:540) [netty-3.2.2.Final.jar:na]
	at org.jboss.netty.channel.Channels.fireMessageReceived(Channels.java:274) [netty-3.2.2.Final.jar:na]
	at org.jboss.netty.channel.Channels.fireMessageReceived(Channels.java:261) [netty-3.2.2.Final.jar:na]
	at org.jboss.netty.channel.socket.nio.NioWorker.read(NioWorker.java:350) [netty-3.2.2.Final.jar:na]
	at org.jboss.netty.channel.socket.nio.NioWorker.processSelectedKeys(NioWorker.java:281) [netty-3.2.2.Final.jar:na]
	at org.jboss.netty.channel.socket.nio.NioWorker.run(NioWorker.java:201) [netty-3.2.2.Final.jar:na]
	at org.jboss.netty.util.ThreadRenamingRunnable.run(ThreadRenamingRunnable.java:108) [netty-3.2.2.Final.jar:na]
	at org.jboss.netty.util.internal.IoWorkerRunnable.run(IoWorkerRunnable.java:46) [netty-3.2.2.Final.jar:na]
	at java.util.concurrent.ThreadPoolExecutor.runWorker(ThreadPoolExecutor.java:1149) [na:1.8.0_251]
	at java.util.concurrent.ThreadPoolExecutor$Worker.run(ThreadPoolExecutor.java:624) [na:1.8.0_251]
	at java.lang.Thread.run(Thread.java:748) [na:1.8.0_251]
Caused by: com.alibaba.otter.canal.common.CanalException: org.springframework.beans.factory.BeanCreationException: Error creating bean with name 'instance' defined in class path resource [spring/file-instance.xml]: Cannot resolve reference to bean 'eventParser' while setting bean property 'eventParser'; nested exception is org.springframework.beans.factory.BeanCreationException: Error creating bean with name 'eventParser' defined in class path resource [spring/file-instance.xml]: Initialization of bean failed; nested exception is org.springframework.beans.TypeMismatchException: Failed to convert property value of type 'java.lang.String' to required type 'java.nio.charset.Charset' for property 'connectionCharset'; nested exception is java.nio.charset.IllegalCharsetNameException: UTF-8 #mysql编码
Caused by: org.springframework.beans.factory.BeanCreationException: Error creating bean with name 'instance' defined in class path resource [spring/file-instance.xml]: Cannot resolve reference to bean 'eventParser' while setting bean property 'eventParser'; nested exception is org.springframework.beans.factory.BeanCreationException: Error creating bean with name 'eventParser' defined in class path resource [spring/file-instance.xml]: Initialization of bean failed; nested exception is org.springframework.beans.TypeMismatchException: Failed to convert property value of type 'java.lang.String' to required type 'java.nio.charset.Charset' for property 'connectionCharset'; nested exception is java.nio.charset.IllegalCharsetNameException: UTF-8 #mysql编码
	at org.springframework.beans.factory.support.BeanDefinitionValueResolver.resolveReference(BeanDefinitionValueResolver.java:334) ~[spring-beans-3.2.18.RELEASE.jar:3.2.18.RELEASE]
	at org.springframework.beans.factory.support.BeanDefinitionValueResolver.resolveValueIfNecessary(BeanDefinitionValueResolver.java:108) ~[spring-beans-3.2.18.RELEASE.jar:3.2.18.RELEASE]
	at org.springframework.beans.factory.support.AbstractAutowireCapableBeanFactory.applyPropertyValues(AbstractAutowireCapableBeanFactory.java:1419) ~[spring-beans-3.2.18.RELEASE.jar:3.2.18.RELEASE]
	at org.springframework.beans.factory.support.AbstractAutowireCapableBeanFactory.populateBean(AbstractAutowireCapableBeanFactory.java:1160) ~[spring-beans-3.2.18.RELEASE.jar:3.2.18.RELEASE]
	at org.springframework.beans.factory.support.AbstractAutowireCapableBeanFactory.doCreateBean(AbstractAutowireCapableBeanFactory.java:517) ~[spring-beans-3.2.18.RELEASE.jar:3.2.18.RELEASE]
	at org.springframework.beans.factory.support.AbstractAutowireCapableBeanFactory.createBean(AbstractAutowireCapableBeanFactory.java:456) ~[spring-beans-3.2.18.RELEASE.jar:3.2.18.RELEASE]
	at org.springframework.beans.factory.support.AbstractBeanFactory$1.getObject(AbstractBeanFactory.java:293) ~[spring-beans-3.2.18.RELEASE.jar:3.2.18.RELEASE]
	at org.springframework.beans.factory.support.DefaultSingletonBeanRegistry.getSingleton(DefaultSingletonBeanRegistry.java:223) ~[spring-beans-3.2.18.RELEASE.jar:3.2.18.RELEASE]
	at org.springframework.beans.factory.support.AbstractBeanFactory.doGetBean(AbstractBeanFactory.java:290) ~[spring-beans-3.2.18.RELEASE.jar:3.2.18.RELEASE]
	at org.springframework.beans.factory.support.AbstractBeanFactory.getBean(AbstractBeanFactory.java:191) ~[spring-beans-3.2.18.RELEASE.jar:3.2.18.RELEASE]
	at org.springframework.beans.factory.support.DefaultListableBeanFactory.preInstantiateSingletons(DefaultListableBeanFactory.java:638) ~[spring-beans-3.2.18.RELEASE.jar:3.2.18.RELEASE]
	at org.springframework.context.support.AbstractApplicationContext.finishBeanFactoryInitialization(AbstractApplicationContext.java:942) ~[spring-context-3.2.18.RELEASE.jar:3.2.18.RELEASE]
	at org.springframework.context.support.AbstractApplicationContext.refresh(AbstractApplicationContext.java:482) ~[spring-context-3.2.18.RELEASE.jar:3.2.18.RELEASE]
	at org.springframework.context.support.ClassPathXmlApplicationContext.<init>(ClassPathXmlApplicationContext.java:139) ~[spring-context-3.2.18.RELEASE.jar:3.2.18.RELEASE]
	at org.springframework.context.support.ClassPathXmlApplicationContext.<init>(ClassPathXmlApplicationContext.java:83) ~[spring-context-3.2.18.RELEASE.jar:3.2.18.RELEASE]
	at com.alibaba.otter.canal.instance.spring.SpringCanalInstanceGenerator.getBeanFactory(SpringCanalInstanceGenerator.java:46) ~[canal.instance.spring-1.1.5-SNAPSHOT.jar:na]
	at com.alibaba.otter.canal.instance.spring.SpringCanalInstanceGenerator.generate(SpringCanalInstanceGenerator.java:29) ~[canal.instance.spring-1.1.5-SNAPSHOT.jar:na]
	at com.alibaba.otter.canal.deployer.CanalController$5.generate(CanalController.java:392) ~[canal.deployer-1.1.5-SNAPSHOT.jar:na]
	at com.alibaba.otter.canal.server.embedded.CanalServerWithEmbedded$1.apply(CanalServerWithEmbedded.java:85) ~[canal.server-1.1.5-SNAPSHOT.jar:na]
	at com.alibaba.otter.canal.server.embedded.CanalServerWithEmbedded$1.apply(CanalServerWithEmbedded.java:82) ~[canal.server-1.1.5-SNAPSHOT.jar:na]
	at com.google.common.collect.ComputingConcurrentHashMap$ComputingValueReference.compute(ComputingConcurrentHashMap.java:356) ~[guava-18.0.jar:na]
	at com.google.common.collect.ComputingConcurrentHashMap$ComputingSegment.compute(ComputingConcurrentHashMap.java:182) ~[guava-18.0.jar:na]
	at com.google.common.collect.ComputingConcurrentHashMap$ComputingSegment.getOrCompute(ComputingConcurrentHashMap.java:151) ~[guava-18.0.jar:na]
	at com.google.common.collect.ComputingConcurrentHashMap.getOrCompute(ComputingConcurrentHashMap.java:67) ~[guava-18.0.jar:na]
	at com.google.common.collect.MapMaker$ComputingMapAdapter.get(MapMaker.java:885) ~[guava-18.0.jar:na]
	at com.alibaba.otter.canal.server.embedded.CanalServerWithEmbedded.start(CanalServerWithEmbedded.java:137) ~[canal.server-1.1.5-SNAPSHOT.jar:na]
	at com.alibaba.otter.canal.deployer.CanalController$2$1.processActiveEnter(CanalController.java:160) ~[canal.deployer-1.1.5-SNAPSHOT.jar:na]
	at com.alibaba.otter.canal.common.zookeeper.running.ServerRunningMonitor.processActiveEnter(ServerRunningMonitor.java:247) ~[canal.common-1.1.5-SNAPSHOT.jar:na]
	at com.alibaba.otter.canal.common.zookeeper.running.ServerRunningMonitor.start(ServerRunningMonitor.java:104) ~[canal.common-1.1.5-SNAPSHOT.jar:na]
	at com.alibaba.otter.canal.server.netty.handler.SessionHandler.messageReceived(SessionHandler.java:74) [canal.server-1.1.5-SNAPSHOT.jar:na]
	at org.jboss.netty.channel.SimpleChannelHandler.handleUpstream(SimpleChannelHandler.java:100) [netty-3.2.2.Final.jar:na]
	at org.jboss.netty.channel.DefaultChannelPipeline.sendUpstream(DefaultChannelPipeline.java:545) [netty-3.2.2.Final.jar:na]
	at org.jboss.netty.channel.DefaultChannelPipeline$DefaultChannelHandlerContext.sendUpstream(DefaultChannelPipeline.java:754) [netty-3.2.2.Final.jar:na]
	at org.jboss.netty.channel.SimpleChannelHandler.messageReceived(SimpleChannelHandler.java:154) [netty-3.2.2.Final.jar:na]
	at org.jboss.netty.channel.SimpleChannelHandler.handleUpstream(SimpleChannelHandler.java:100) [netty-3.2.2.Final.jar:na]
	at org.jboss.netty.handler.timeout.IdleStateAwareChannelHandler.handleUpstream(IdleStateAwareChannelHandler.java:48) [netty-3.2.2.Final.jar:na]
	at org.jboss.netty.channel.DefaultChannelPipeline.sendUpstream(DefaultChannelPipeline.java:545) [netty-3.2.2.Final.jar:na]
	at org.jboss.netty.channel.DefaultChannelPipeline$DefaultChannelHandlerContext.sendUpstream(DefaultChannelPipeline.java:754) [netty-3.2.2.Final.jar:na]
	at org.jboss.netty.handler.timeout.IdleStateHandler.messageReceived(IdleStateHandler.java:276) [netty-3.2.2.Final.jar:na]
	at org.jboss.netty.channel.SimpleChannelUpstreamHandler.handleUpstream(SimpleChannelUpstreamHandler.java:80) [netty-3.2.2.Final.jar:na]
	at org.jboss.netty.channel.DefaultChannelPipeline.sendUpstream(DefaultChannelPipeline.java:545) [netty-3.2.2.Final.jar:na]
	at org.jboss.netty.channel.DefaultChannelPipeline$DefaultChannelHandlerContext.sendUpstream(DefaultChannelPipeline.java:754) [netty-3.2.2.Final.jar:na]
	at org.jboss.netty.channel.Channels.fireMessageReceived(Channels.java:302) [netty-3.2.2.Final.jar:na]
	at org.jboss.netty.handler.codec.replay.ReplayingDecoder.unfoldAndfireMessageReceived(ReplayingDecoder.java:526) [netty-3.2.2.Final.jar:na]
	at org.jboss.netty.handler.codec.replay.ReplayingDecoder.callDecode(ReplayingDecoder.java:507) [netty-3.2.2.Final.jar:na]
	at org.jboss.netty.handler.codec.replay.ReplayingDecoder.messageReceived(ReplayingDecoder.java:444) [netty-3.2.2.Final.jar:na]
	at org.jboss.netty.channel.SimpleChannelUpstreamHandler.handleUpstream(SimpleChannelUpstreamHandler.java:80) [netty-3.2.2.Final.jar:na]
	at org.jboss.netty.channel.DefaultChannelPipeline.sendUpstream(DefaultChannelPipeline.java:545) [netty-3.2.2.Final.jar:na]
	at org.jboss.netty.channel.DefaultChannelPipeline.sendUpstream(DefaultChannelPipeline.java:540) [netty-3.2.2.Final.jar:na]
	at org.jboss.netty.channel.Channels.fireMessageReceived(Channels.java:274) [netty-3.2.2.Final.jar:na]
	at org.jboss.netty.channel.Channels.fireMessageReceived(Channels.java:261) [netty-3.2.2.Final.jar:na]
	at org.jboss.netty.channel.socket.nio.NioWorker.read(NioWorker.java:350) [netty-3.2.2.Final.jar:na]
	at org.jboss.netty.channel.socket.nio.NioWorker.processSelectedKeys(NioWorker.java:281) [netty-3.2.2.Final.jar:na]
	at org.jboss.netty.channel.socket.nio.NioWorker.run(NioWorker.java:201) [netty-3.2.2.Final.jar:na]
	at org.jboss.netty.util.ThreadRenamingRunnable.run(ThreadRenamingRunnable.java:108) [netty-3.2.2.Final.jar:na]
	at org.jboss.netty.util.internal.IoWorkerRunnable.run(IoWorkerRunnable.java:46) [netty-3.2.2.Final.jar:na]
	at java.util.concurrent.ThreadPoolExecutor.runWorker(ThreadPoolExecutor.java:1149) [na:1.8.0_251]
	at java.util.concurrent.ThreadPoolExecutor$Worker.run(ThreadPoolExecutor.java:624) [na:1.8.0_251]
	at java.lang.Thread.run(Thread.java:748) [na:1.8.0_251]
Caused by: org.springframework.beans.factory.BeanCreationException: Error creating bean with name 'eventParser' defined in class path resource [spring/file-instance.xml]: Initialization of bean failed; nested exception is org.springframework.beans.TypeMismatchException: Failed to convert property value of type 'java.lang.String' to required type 'java.nio.charset.Charset' for property 'connectionCharset'; nested exception is java.nio.charset.IllegalCharsetNameException: UTF-8 #mysql编码
	at org.springframework.beans.factory.support.AbstractAutowireCapableBeanFactory.doCreateBean(AbstractAutowireCapableBeanFactory.java:527) ~[spring-beans-3.2.18.RELEASE.jar:3.2.18.RELEASE]
	at org.springframework.beans.factory.support.AbstractAutowireCapableBeanFactory.createBean(AbstractAutowireCapableBeanFactory.java:456) ~[spring-beans-3.2.18.RELEASE.jar:3.2.18.RELEASE]
	at org.springframework.beans.factory.support.AbstractBeanFactory$1.getObject(AbstractBeanFactory.java:293) ~[spring-beans-3.2.18.RELEASE.jar:3.2.18.RELEASE]
	at org.springframework.beans.factory.support.DefaultSingletonBeanRegistry.getSingleton(DefaultSingletonBeanRegistry.java:223) ~[spring-beans-3.2.18.RELEASE.jar:3.2.18.RELEASE]
	at org.springframework.beans.factory.support.AbstractBeanFactory.doGetBean(AbstractBeanFactory.java:290) ~[spring-beans-3.2.18.RELEASE.jar:3.2.18.RELEASE]
	at org.springframework.beans.factory.support.AbstractBeanFactory.getBean(AbstractBeanFactory.java:191) ~[spring-beans-3.2.18.RELEASE.jar:3.2.18.RELEASE]
	at org.springframework.beans.factory.support.BeanDefinitionValueResolver.resolveReference(BeanDefinitionValueResolver.java:328) ~[spring-beans-3.2.18.RELEASE.jar:3.2.18.RELEASE]
	... 58 common frames omitted
Caused by: org.springframework.beans.TypeMismatchException: Failed to convert property value of type 'java.lang.String' to required type 'java.nio.charset.Charset' for property 'connectionCharset'; nested exception is java.nio.charset.IllegalCharsetNameException: UTF-8 #mysql编码
	at org.springframework.beans.BeanWrapperImpl.convertIfNecessary(BeanWrapperImpl.java:469) ~[spring-beans-3.2.18.RELEASE.jar:3.2.18.RELEASE]
	at org.springframework.beans.BeanWrapperImpl.convertForProperty(BeanWrapperImpl.java:495) ~[spring-beans-3.2.18.RELEASE.jar:3.2.18.RELEASE]
	at org.springframework.beans.BeanWrapperImpl.convertForProperty(BeanWrapperImpl.java:489) ~[spring-beans-3.2.18.RELEASE.jar:3.2.18.RELEASE]
	at org.springframework.beans.factory.support.AbstractAutowireCapableBeanFactory.convertForProperty(AbstractAutowireCapableBeanFactory.java:1465) ~[spring-beans-3.2.18.RELEASE.jar:3.2.18.RELEASE]
	at org.springframework.beans.factory.support.AbstractAutowireCapableBeanFactory.applyPropertyValues(AbstractAutowireCapableBeanFactory.java:1424) ~[spring-beans-3.2.18.RELEASE.jar:3.2.18.RELEASE]
	at org.springframework.beans.factory.support.AbstractAutowireCapableBeanFactory.populateBean(AbstractAutowireCapableBeanFactory.java:1160) ~[spring-beans-3.2.18.RELEASE.jar:3.2.18.RELEASE]
	at org.springframework.beans.factory.support.AbstractAutowireCapableBeanFactory.doCreateBean(AbstractAutowireCapableBeanFactory.java:517) ~[spring-beans-3.2.18.RELEASE.jar:3.2.18.RELEASE]
	... 64 common frames omitted
Caused by: java.nio.charset.IllegalCharsetNameException: UTF-8 #mysql编码
	at java.nio.charset.Charset.checkName(Charset.java:315) ~[na:1.8.0_251]
	at java.nio.charset.Charset.lookup2(Charset.java:484) ~[na:1.8.0_251]
	at java.nio.charset.Charset.lookup(Charset.java:464) ~[na:1.8.0_251]
	at java.nio.charset.Charset.forName(Charset.java:528) ~[na:1.8.0_251]
	at org.springframework.beans.propertyeditors.CharsetEditor.setAsText(CharsetEditor.java:40) ~[spring-beans-3.2.18.RELEASE.jar:3.2.18.RELEASE]
	at org.springframework.beans.TypeConverterDelegate.doConvertTextValue(TypeConverterDelegate.java:455) ~[spring-beans-3.2.18.RELEASE.jar:3.2.18.RELEASE]
	at org.springframework.beans.TypeConverterDelegate.doConvertValue(TypeConverterDelegate.java:427) ~[spring-beans-3.2.18.RELEASE.jar:3.2.18.RELEASE]
	at org.springframework.beans.TypeConverterDelegate.convertIfNecessary(TypeConverterDelegate.java:181) ~[spring-beans-3.2.18.RELEASE.jar:3.2.18.RELEASE]
	at org.springframework.beans.BeanWrapperImpl.convertIfNecessary(BeanWrapperImpl.java:449) ~[spring-beans-3.2.18.RELEASE.jar:3.2.18.RELEASE]
	... 70 common frames omitted
2020-05-07 09:35:19.952 [New I/O server worker #1-1] ERROR c.a.otter.canal.server.netty.handler.SessionHandler - something goes wrong with channel:[id: 0x6574d7d9, /192.168.1.175:54630 => /192.168.1.175:11111], exception=java.io.IOException: Connection reset by peer
	at sun.nio.ch.FileDispatcherImpl.read0(Native Method)
	at sun.nio.ch.SocketDispatcher.read(SocketDispatcher.java:39)
	at sun.nio.ch.IOUtil.readIntoNativeBuffer(IOUtil.java:223)
	at sun.nio.ch.IOUtil.read(IOUtil.java:192)
	at sun.nio.ch.SocketChannelImpl.read(SocketChannelImpl.java:380)
	at org.jboss.netty.channel.socket.nio.NioWorker.read(NioWorker.java:322)
	at org.jboss.netty.channel.socket.nio.NioWorker.processSelectedKeys(NioWorker.java:281)
	at org.jboss.netty.channel.socket.nio.NioWorker.run(NioWorker.java:201)
	at org.jboss.netty.util.internal.IoWorkerRunnable.run(IoWorkerRunnable.java:46)
	at java.util.concurrent.ThreadPoolExecutor.runWorker(ThreadPoolExecutor.java:1149)
	at java.util.concurrent.ThreadPoolExecutor$Worker.run(ThreadPoolExecutor.java:624)
	at java.lang.Thread.run(Thread.java:748)

2020-05-07 09:36:53.811 [main] INFO  com.alibaba.otter.canal.deployer.CanalLauncher - ## set default uncaught exception handler
2020-05-07 09:36:53.838 [main] INFO  com.alibaba.otter.canal.deployer.CanalLauncher - ## load canal configurations
2020-05-07 09:36:53.847 [main] INFO  com.alibaba.otter.canal.deployer.CanalStarter - ## start the canal server.
2020-05-07 09:36:53.874 [main] INFO  com.alibaba.otter.canal.deployer.CanalController - ## start the canal server[192.168.1.175(192.168.1.175):11111]
2020-05-07 09:36:54.317 [main] ERROR c.a.o.c.common.zookeeper.running.ServerRunningMonitor - start failed
com.google.common.collect.ComputationException: com.alibaba.otter.canal.common.CanalException: org.springframework.beans.factory.BeanCreationException: Error creating bean with name 'instance' defined in class path resource [spring/file-instance.xml]: Cannot resolve reference to bean 'eventParser' while setting bean property 'eventParser'; nested exception is org.springframework.beans.factory.BeanCreationException: Error creating bean with name 'eventParser' defined in class path resource [spring/file-instance.xml]: Cannot create inner bean 'com.alibaba.otter.canal.parse.support.AuthenticationInfo#222114ba' of type [com.alibaba.otter.canal.parse.support.AuthenticationInfo] while setting bean property 'masterInfo'; nested exception is org.springframework.beans.factory.BeanCreationException: Error creating bean with name 'com.alibaba.otter.canal.parse.support.AuthenticationInfo#222114ba' defined in class path resource [spring/file-instance.xml]: Initialization of bean failed; nested exception is org.springframework.beans.TypeMismatchException: Failed to convert property value of type 'java.lang.String' to required type 'java.net.InetSocketAddress' for property 'address'; nested exception is java.lang.NumberFormatException: For input string: "3306 #182.61.34.117 mysql服务器ip"
	at com.google.common.collect.MapMaker$ComputingMapAdapter.get(MapMaker.java:889) ~[guava-18.0.jar:na]
	at com.alibaba.otter.canal.server.embedded.CanalServerWithEmbedded.start(CanalServerWithEmbedded.java:137) ~[canal.server-1.1.5-SNAPSHOT.jar:na]
	at com.alibaba.otter.canal.deployer.CanalController$2$1.processActiveEnter(CanalController.java:160) ~[canal.deployer-1.1.5-SNAPSHOT.jar:na]
	at com.alibaba.otter.canal.common.zookeeper.running.ServerRunningMonitor.processActiveEnter(ServerRunningMonitor.java:247) ~[canal.common-1.1.5-SNAPSHOT.jar:na]
	at com.alibaba.otter.canal.common.zookeeper.running.ServerRunningMonitor.start(ServerRunningMonitor.java:104) ~[canal.common-1.1.5-SNAPSHOT.jar:na]
	at com.alibaba.otter.canal.deployer.CanalController.start(CanalController.java:513) [canal.deployer-1.1.5-SNAPSHOT.jar:na]
	at com.alibaba.otter.canal.deployer.CanalStarter.start(CanalStarter.java:85) [canal.deployer-1.1.5-SNAPSHOT.jar:na]
	at com.alibaba.otter.canal.deployer.CanalLauncher.main(CanalLauncher.java:115) [canal.deployer-1.1.5-SNAPSHOT.jar:na]
Caused by: com.alibaba.otter.canal.common.CanalException: org.springframework.beans.factory.BeanCreationException: Error creating bean with name 'instance' defined in class path resource [spring/file-instance.xml]: Cannot resolve reference to bean 'eventParser' while setting bean property 'eventParser'; nested exception is org.springframework.beans.factory.BeanCreationException: Error creating bean with name 'eventParser' defined in class path resource [spring/file-instance.xml]: Cannot create inner bean 'com.alibaba.otter.canal.parse.support.AuthenticationInfo#222114ba' of type [com.alibaba.otter.canal.parse.support.AuthenticationInfo] while setting bean property 'masterInfo'; nested exception is org.springframework.beans.factory.BeanCreationException: Error creating bean with name 'com.alibaba.otter.canal.parse.support.AuthenticationInfo#222114ba' defined in class path resource [spring/file-instance.xml]: Initialization of bean failed; nested exception is org.springframework.beans.TypeMismatchException: Failed to convert property value of type 'java.lang.String' to required type 'java.net.InetSocketAddress' for property 'address'; nested exception is java.lang.NumberFormatException: For input string: "3306 #182.61.34.117 mysql服务器ip"
Caused by: org.springframework.beans.factory.BeanCreationException: Error creating bean with name 'instance' defined in class path resource [spring/file-instance.xml]: Cannot resolve reference to bean 'eventParser' while setting bean property 'eventParser'; nested exception is org.springframework.beans.factory.BeanCreationException: Error creating bean with name 'eventParser' defined in class path resource [spring/file-instance.xml]: Cannot create inner bean 'com.alibaba.otter.canal.parse.support.AuthenticationInfo#222114ba' of type [com.alibaba.otter.canal.parse.support.AuthenticationInfo] while setting bean property 'masterInfo'; nested exception is org.springframework.beans.factory.BeanCreationException: Error creating bean with name 'com.alibaba.otter.canal.parse.support.AuthenticationInfo#222114ba' defined in class path resource [spring/file-instance.xml]: Initialization of bean failed; nested exception is org.springframework.beans.TypeMismatchException: Failed to convert property value of type 'java.lang.String' to required type 'java.net.InetSocketAddress' for property 'address'; nested exception is java.lang.NumberFormatException: For input string: "3306 #182.61.34.117 mysql服务器ip"
	at org.springframework.beans.factory.support.BeanDefinitionValueResolver.resolveReference(BeanDefinitionValueResolver.java:334) ~[spring-beans-3.2.18.RELEASE.jar:3.2.18.RELEASE]
	at org.springframework.beans.factory.support.BeanDefinitionValueResolver.resolveValueIfNecessary(BeanDefinitionValueResolver.java:108) ~[spring-beans-3.2.18.RELEASE.jar:3.2.18.RELEASE]
	at org.springframework.beans.factory.support.AbstractAutowireCapableBeanFactory.applyPropertyValues(AbstractAutowireCapableBeanFactory.java:1419) ~[spring-beans-3.2.18.RELEASE.jar:3.2.18.RELEASE]
	at org.springframework.beans.factory.support.AbstractAutowireCapableBeanFactory.populateBean(AbstractAutowireCapableBeanFactory.java:1160) ~[spring-beans-3.2.18.RELEASE.jar:3.2.18.RELEASE]
	at org.springframework.beans.factory.support.AbstractAutowireCapableBeanFactory.doCreateBean(AbstractAutowireCapableBeanFactory.java:517) ~[spring-beans-3.2.18.RELEASE.jar:3.2.18.RELEASE]
	at org.springframework.beans.factory.support.AbstractAutowireCapableBeanFactory.createBean(AbstractAutowireCapableBeanFactory.java:456) ~[spring-beans-3.2.18.RELEASE.jar:3.2.18.RELEASE]
	at org.springframework.beans.factory.support.AbstractBeanFactory$1.getObject(AbstractBeanFactory.java:293) ~[spring-beans-3.2.18.RELEASE.jar:3.2.18.RELEASE]
	at org.springframework.beans.factory.support.DefaultSingletonBeanRegistry.getSingleton(DefaultSingletonBeanRegistry.java:223) ~[spring-beans-3.2.18.RELEASE.jar:3.2.18.RELEASE]
	at org.springframework.beans.factory.support.AbstractBeanFactory.doGetBean(AbstractBeanFactory.java:290) ~[spring-beans-3.2.18.RELEASE.jar:3.2.18.RELEASE]
	at org.springframework.beans.factory.support.AbstractBeanFactory.getBean(AbstractBeanFactory.java:191) ~[spring-beans-3.2.18.RELEASE.jar:3.2.18.RELEASE]
	at org.springframework.beans.factory.support.DefaultListableBeanFactory.preInstantiateSingletons(DefaultListableBeanFactory.java:638) ~[spring-beans-3.2.18.RELEASE.jar:3.2.18.RELEASE]
	at org.springframework.context.support.AbstractApplicationContext.finishBeanFactoryInitialization(AbstractApplicationContext.java:942) ~[spring-context-3.2.18.RELEASE.jar:3.2.18.RELEASE]
	at org.springframework.context.support.AbstractApplicationContext.refresh(AbstractApplicationContext.java:482) ~[spring-context-3.2.18.RELEASE.jar:3.2.18.RELEASE]
	at org.springframework.context.support.ClassPathXmlApplicationContext.<init>(ClassPathXmlApplicationContext.java:139) ~[spring-context-3.2.18.RELEASE.jar:3.2.18.RELEASE]
	at org.springframework.context.support.ClassPathXmlApplicationContext.<init>(ClassPathXmlApplicationContext.java:83) ~[spring-context-3.2.18.RELEASE.jar:3.2.18.RELEASE]
	at com.alibaba.otter.canal.instance.spring.SpringCanalInstanceGenerator.getBeanFactory(SpringCanalInstanceGenerator.java:46) ~[canal.instance.spring-1.1.5-SNAPSHOT.jar:na]
	at com.alibaba.otter.canal.instance.spring.SpringCanalInstanceGenerator.generate(SpringCanalInstanceGenerator.java:29) ~[canal.instance.spring-1.1.5-SNAPSHOT.jar:na]
	at com.alibaba.otter.canal.deployer.CanalController$5.generate(CanalController.java:392) ~[canal.deployer-1.1.5-SNAPSHOT.jar:na]
	at com.alibaba.otter.canal.server.embedded.CanalServerWithEmbedded$1.apply(CanalServerWithEmbedded.java:85) ~[canal.server-1.1.5-SNAPSHOT.jar:na]
	at com.alibaba.otter.canal.server.embedded.CanalServerWithEmbedded$1.apply(CanalServerWithEmbedded.java:82) ~[canal.server-1.1.5-SNAPSHOT.jar:na]
	at com.google.common.collect.ComputingConcurrentHashMap$ComputingValueReference.compute(ComputingConcurrentHashMap.java:356) ~[guava-18.0.jar:na]
	at com.google.common.collect.ComputingConcurrentHashMap$ComputingSegment.compute(ComputingConcurrentHashMap.java:182) ~[guava-18.0.jar:na]
	at com.google.common.collect.ComputingConcurrentHashMap$ComputingSegment.getOrCompute(ComputingConcurrentHashMap.java:151) ~[guava-18.0.jar:na]
	at com.google.common.collect.ComputingConcurrentHashMap.getOrCompute(ComputingConcurrentHashMap.java:67) ~[guava-18.0.jar:na]
	at com.google.common.collect.MapMaker$ComputingMapAdapter.get(MapMaker.java:885) ~[guava-18.0.jar:na]
	at com.alibaba.otter.canal.server.embedded.CanalServerWithEmbedded.start(CanalServerWithEmbedded.java:137) ~[canal.server-1.1.5-SNAPSHOT.jar:na]
	at com.alibaba.otter.canal.deployer.CanalController$2$1.processActiveEnter(CanalController.java:160) ~[canal.deployer-1.1.5-SNAPSHOT.jar:na]
	at com.alibaba.otter.canal.common.zookeeper.running.ServerRunningMonitor.processActiveEnter(ServerRunningMonitor.java:247) ~[canal.common-1.1.5-SNAPSHOT.jar:na]
	at com.alibaba.otter.canal.common.zookeeper.running.ServerRunningMonitor.start(ServerRunningMonitor.java:104) ~[canal.common-1.1.5-SNAPSHOT.jar:na]
	at com.alibaba.otter.canal.deployer.CanalController.start(CanalController.java:513) [canal.deployer-1.1.5-SNAPSHOT.jar:na]
	at com.alibaba.otter.canal.deployer.CanalStarter.start(CanalStarter.java:85) [canal.deployer-1.1.5-SNAPSHOT.jar:na]
	at com.alibaba.otter.canal.deployer.CanalLauncher.main(CanalLauncher.java:115) [canal.deployer-1.1.5-SNAPSHOT.jar:na]
Caused by: org.springframework.beans.factory.BeanCreationException: Error creating bean with name 'eventParser' defined in class path resource [spring/file-instance.xml]: Cannot create inner bean 'com.alibaba.otter.canal.parse.support.AuthenticationInfo#222114ba' of type [com.alibaba.otter.canal.parse.support.AuthenticationInfo] while setting bean property 'masterInfo'; nested exception is org.springframework.beans.factory.BeanCreationException: Error creating bean with name 'com.alibaba.otter.canal.parse.support.AuthenticationInfo#222114ba' defined in class path resource [spring/file-instance.xml]: Initialization of bean failed; nested exception is org.springframework.beans.TypeMismatchException: Failed to convert property value of type 'java.lang.String' to required type 'java.net.InetSocketAddress' for property 'address'; nested exception is java.lang.NumberFormatException: For input string: "3306 #182.61.34.117 mysql服务器ip"
	at org.springframework.beans.factory.support.BeanDefinitionValueResolver.resolveInnerBean(BeanDefinitionValueResolver.java:287) ~[spring-beans-3.2.18.RELEASE.jar:3.2.18.RELEASE]
	at org.springframework.beans.factory.support.BeanDefinitionValueResolver.resolveValueIfNecessary(BeanDefinitionValueResolver.java:122) ~[spring-beans-3.2.18.RELEASE.jar:3.2.18.RELEASE]
	at org.springframework.beans.factory.support.AbstractAutowireCapableBeanFactory.applyPropertyValues(AbstractAutowireCapableBeanFactory.java:1419) ~[spring-beans-3.2.18.RELEASE.jar:3.2.18.RELEASE]
	at org.springframework.beans.factory.support.AbstractAutowireCapableBeanFactory.populateBean(AbstractAutowireCapableBeanFactory.java:1160) ~[spring-beans-3.2.18.RELEASE.jar:3.2.18.RELEASE]
	at org.springframework.beans.factory.support.AbstractAutowireCapableBeanFactory.doCreateBean(AbstractAutowireCapableBeanFactory.java:517) ~[spring-beans-3.2.18.RELEASE.jar:3.2.18.RELEASE]
	at org.springframework.beans.factory.support.AbstractAutowireCapableBeanFactory.createBean(AbstractAutowireCapableBeanFactory.java:456) ~[spring-beans-3.2.18.RELEASE.jar:3.2.18.RELEASE]
	at org.springframework.beans.factory.support.AbstractBeanFactory$1.getObject(AbstractBeanFactory.java:293) ~[spring-beans-3.2.18.RELEASE.jar:3.2.18.RELEASE]
	at org.springframework.beans.factory.support.DefaultSingletonBeanRegistry.getSingleton(DefaultSingletonBeanRegistry.java:223) ~[spring-beans-3.2.18.RELEASE.jar:3.2.18.RELEASE]
	at org.springframework.beans.factory.support.AbstractBeanFactory.doGetBean(AbstractBeanFactory.java:290) ~[spring-beans-3.2.18.RELEASE.jar:3.2.18.RELEASE]
	at org.springframework.beans.factory.support.AbstractBeanFactory.getBean(AbstractBeanFactory.java:191) ~[spring-beans-3.2.18.RELEASE.jar:3.2.18.RELEASE]
	at org.springframework.beans.factory.support.BeanDefinitionValueResolver.resolveReference(BeanDefinitionValueResolver.java:328) ~[spring-beans-3.2.18.RELEASE.jar:3.2.18.RELEASE]
	... 31 common frames omitted
Caused by: org.springframework.beans.factory.BeanCreationException: Error creating bean with name 'com.alibaba.otter.canal.parse.support.AuthenticationInfo#222114ba' defined in class path resource [spring/file-instance.xml]: Initialization of bean failed; nested exception is org.springframework.beans.TypeMismatchException: Failed to convert property value of type 'java.lang.String' to required type 'java.net.InetSocketAddress' for property 'address'; nested exception is java.lang.NumberFormatException: For input string: "3306 #182.61.34.117 mysql服务器ip"
	at org.springframework.beans.factory.support.AbstractAutowireCapableBeanFactory.doCreateBean(AbstractAutowireCapableBeanFactory.java:527) ~[spring-beans-3.2.18.RELEASE.jar:3.2.18.RELEASE]
	at org.springframework.beans.factory.support.AbstractAutowireCapableBeanFactory.createBean(AbstractAutowireCapableBeanFactory.java:456) ~[spring-beans-3.2.18.RELEASE.jar:3.2.18.RELEASE]
	at org.springframework.beans.factory.support.BeanDefinitionValueResolver.resolveInnerBean(BeanDefinitionValueResolver.java:276) ~[spring-beans-3.2.18.RELEASE.jar:3.2.18.RELEASE]
	... 41 common frames omitted
Caused by: org.springframework.beans.TypeMismatchException: Failed to convert property value of type 'java.lang.String' to required type 'java.net.InetSocketAddress' for property 'address'; nested exception is java.lang.NumberFormatException: For input string: "3306 #182.61.34.117 mysql服务器ip"
	at org.springframework.beans.BeanWrapperImpl.convertIfNecessary(BeanWrapperImpl.java:469) ~[spring-beans-3.2.18.RELEASE.jar:3.2.18.RELEASE]
	at org.springframework.beans.BeanWrapperImpl.convertForProperty(BeanWrapperImpl.java:495) ~[spring-beans-3.2.18.RELEASE.jar:3.2.18.RELEASE]
	at org.springframework.beans.BeanWrapperImpl.convertForProperty(BeanWrapperImpl.java:489) ~[spring-beans-3.2.18.RELEASE.jar:3.2.18.RELEASE]
	at org.springframework.beans.factory.support.AbstractAutowireCapableBeanFactory.convertForProperty(AbstractAutowireCapableBeanFactory.java:1465) ~[spring-beans-3.2.18.RELEASE.jar:3.2.18.RELEASE]
	at org.springframework.beans.factory.support.AbstractAutowireCapableBeanFactory.applyPropertyValues(AbstractAutowireCapableBeanFactory.java:1424) ~[spring-beans-3.2.18.RELEASE.jar:3.2.18.RELEASE]
	at org.springframework.beans.factory.support.AbstractAutowireCapableBeanFactory.populateBean(AbstractAutowireCapableBeanFactory.java:1160) ~[spring-beans-3.2.18.RELEASE.jar:3.2.18.RELEASE]
	at org.springframework.beans.factory.support.AbstractAutowireCapableBeanFactory.doCreateBean(AbstractAutowireCapableBeanFactory.java:517) ~[spring-beans-3.2.18.RELEASE.jar:3.2.18.RELEASE]
	... 43 common frames omitted
Caused by: java.lang.NumberFormatException: For input string: "3306 #182.61.34.117 mysql服务器ip"
	at java.lang.NumberFormatException.forInputString(NumberFormatException.java:65) ~[na:1.8.0_251]
	at java.lang.Integer.parseInt(Integer.java:580) ~[na:1.8.0_251]
	at java.lang.Integer.valueOf(Integer.java:766) ~[na:1.8.0_251]
	at com.alibaba.otter.canal.instance.spring.support.SocketAddressEditor.setAsText(SocketAddressEditor.java:22) ~[canal.instance.spring-1.1.5-SNAPSHOT.jar:na]
	at org.springframework.beans.TypeConverterDelegate.doConvertTextValue(TypeConverterDelegate.java:455) ~[spring-beans-3.2.18.RELEASE.jar:3.2.18.RELEASE]
	at org.springframework.beans.TypeConverterDelegate.doConvertValue(TypeConverterDelegate.java:427) ~[spring-beans-3.2.18.RELEASE.jar:3.2.18.RELEASE]
	at org.springframework.beans.TypeConverterDelegate.convertIfNecessary(TypeConverterDelegate.java:181) ~[spring-beans-3.2.18.RELEASE.jar:3.2.18.RELEASE]
	at org.springframework.beans.BeanWrapperImpl.convertIfNecessary(BeanWrapperImpl.java:449) ~[spring-beans-3.2.18.RELEASE.jar:3.2.18.RELEASE]
	... 49 common frames omitted
2020-05-07 09:36:54.347 [main] INFO  com.alibaba.otter.canal.deployer.CanalStarter - ## the canal server is running now ......
2020-05-07 09:37:12.755 [Thread-3] INFO  com.alibaba.otter.canal.deployer.CanalStarter - ## stop the canal server
2020-05-07 09:37:12.775 [Thread-3] INFO  com.alibaba.otter.canal.deployer.CanalController - ## stop the canal server[192.168.1.175(192.168.1.175):11111]
2020-05-07 09:37:12.781 [Thread-3] INFO  com.alibaba.otter.canal.deployer.CanalStarter - ## canal server is down.
2020-05-07 09:37:17.737 [main] INFO  com.alibaba.otter.canal.deployer.CanalLauncher - ## set default uncaught exception handler
2020-05-07 09:37:17.764 [main] INFO  com.alibaba.otter.canal.deployer.CanalLauncher - ## load canal configurations
2020-05-07 09:37:17.772 [main] INFO  com.alibaba.otter.canal.deployer.CanalStarter - ## start the canal server.
2020-05-07 09:37:17.799 [main] INFO  com.alibaba.otter.canal.deployer.CanalController - ## start the canal server[192.168.1.175(192.168.1.175):11111]
2020-05-07 09:37:18.248 [main] ERROR c.a.o.c.common.zookeeper.running.ServerRunningMonitor - start failed
com.google.common.collect.ComputationException: com.alibaba.otter.canal.common.CanalException: org.springframework.beans.factory.BeanCreationException: Error creating bean with name 'instance' defined in class path resource [spring/file-instance.xml]: Cannot resolve reference to bean 'eventParser' while setting bean property 'eventParser'; nested exception is org.springframework.beans.factory.BeanCreationException: Error creating bean with name 'eventParser' defined in class path resource [spring/file-instance.xml]: Initialization of bean failed; nested exception is org.springframework.beans.TypeMismatchException: Failed to convert property value of type 'java.lang.String' to required type 'java.nio.charset.Charset' for property 'connectionCharset'; nested exception is java.nio.charset.IllegalCharsetNameException: UTF-8 #mysql编码
	at com.google.common.collect.MapMaker$ComputingMapAdapter.get(MapMaker.java:889) ~[guava-18.0.jar:na]
	at com.alibaba.otter.canal.server.embedded.CanalServerWithEmbedded.start(CanalServerWithEmbedded.java:137) ~[canal.server-1.1.5-SNAPSHOT.jar:na]
	at com.alibaba.otter.canal.deployer.CanalController$2$1.processActiveEnter(CanalController.java:160) ~[canal.deployer-1.1.5-SNAPSHOT.jar:na]
	at com.alibaba.otter.canal.common.zookeeper.running.ServerRunningMonitor.processActiveEnter(ServerRunningMonitor.java:247) ~[canal.common-1.1.5-SNAPSHOT.jar:na]
	at com.alibaba.otter.canal.common.zookeeper.running.ServerRunningMonitor.start(ServerRunningMonitor.java:104) ~[canal.common-1.1.5-SNAPSHOT.jar:na]
	at com.alibaba.otter.canal.deployer.CanalController.start(CanalController.java:513) [canal.deployer-1.1.5-SNAPSHOT.jar:na]
	at com.alibaba.otter.canal.deployer.CanalStarter.start(CanalStarter.java:85) [canal.deployer-1.1.5-SNAPSHOT.jar:na]
	at com.alibaba.otter.canal.deployer.CanalLauncher.main(CanalLauncher.java:115) [canal.deployer-1.1.5-SNAPSHOT.jar:na]
Caused by: com.alibaba.otter.canal.common.CanalException: org.springframework.beans.factory.BeanCreationException: Error creating bean with name 'instance' defined in class path resource [spring/file-instance.xml]: Cannot resolve reference to bean 'eventParser' while setting bean property 'eventParser'; nested exception is org.springframework.beans.factory.BeanCreationException: Error creating bean with name 'eventParser' defined in class path resource [spring/file-instance.xml]: Initialization of bean failed; nested exception is org.springframework.beans.TypeMismatchException: Failed to convert property value of type 'java.lang.String' to required type 'java.nio.charset.Charset' for property 'connectionCharset'; nested exception is java.nio.charset.IllegalCharsetNameException: UTF-8 #mysql编码
Caused by: org.springframework.beans.factory.BeanCreationException: Error creating bean with name 'instance' defined in class path resource [spring/file-instance.xml]: Cannot resolve reference to bean 'eventParser' while setting bean property 'eventParser'; nested exception is org.springframework.beans.factory.BeanCreationException: Error creating bean with name 'eventParser' defined in class path resource [spring/file-instance.xml]: Initialization of bean failed; nested exception is org.springframework.beans.TypeMismatchException: Failed to convert property value of type 'java.lang.String' to required type 'java.nio.charset.Charset' for property 'connectionCharset'; nested exception is java.nio.charset.IllegalCharsetNameException: UTF-8 #mysql编码
	at org.springframework.beans.factory.support.BeanDefinitionValueResolver.resolveReference(BeanDefinitionValueResolver.java:334) ~[spring-beans-3.2.18.RELEASE.jar:3.2.18.RELEASE]
	at org.springframework.beans.factory.support.BeanDefinitionValueResolver.resolveValueIfNecessary(BeanDefinitionValueResolver.java:108) ~[spring-beans-3.2.18.RELEASE.jar:3.2.18.RELEASE]
	at org.springframework.beans.factory.support.AbstractAutowireCapableBeanFactory.applyPropertyValues(AbstractAutowireCapableBeanFactory.java:1419) ~[spring-beans-3.2.18.RELEASE.jar:3.2.18.RELEASE]
	at org.springframework.beans.factory.support.AbstractAutowireCapableBeanFactory.populateBean(AbstractAutowireCapableBeanFactory.java:1160) ~[spring-beans-3.2.18.RELEASE.jar:3.2.18.RELEASE]
	at org.springframework.beans.factory.support.AbstractAutowireCapableBeanFactory.doCreateBean(AbstractAutowireCapableBeanFactory.java:517) ~[spring-beans-3.2.18.RELEASE.jar:3.2.18.RELEASE]
	at org.springframework.beans.factory.support.AbstractAutowireCapableBeanFactory.createBean(AbstractAutowireCapableBeanFactory.java:456) ~[spring-beans-3.2.18.RELEASE.jar:3.2.18.RELEASE]
	at org.springframework.beans.factory.support.AbstractBeanFactory$1.getObject(AbstractBeanFactory.java:293) ~[spring-beans-3.2.18.RELEASE.jar:3.2.18.RELEASE]
	at org.springframework.beans.factory.support.DefaultSingletonBeanRegistry.getSingleton(DefaultSingletonBeanRegistry.java:223) ~[spring-beans-3.2.18.RELEASE.jar:3.2.18.RELEASE]
	at org.springframework.beans.factory.support.AbstractBeanFactory.doGetBean(AbstractBeanFactory.java:290) ~[spring-beans-3.2.18.RELEASE.jar:3.2.18.RELEASE]
	at org.springframework.beans.factory.support.AbstractBeanFactory.getBean(AbstractBeanFactory.java:191) ~[spring-beans-3.2.18.RELEASE.jar:3.2.18.RELEASE]
	at org.springframework.beans.factory.support.DefaultListableBeanFactory.preInstantiateSingletons(DefaultListableBeanFactory.java:638) ~[spring-beans-3.2.18.RELEASE.jar:3.2.18.RELEASE]
	at org.springframework.context.support.AbstractApplicationContext.finishBeanFactoryInitialization(AbstractApplicationContext.java:942) ~[spring-context-3.2.18.RELEASE.jar:3.2.18.RELEASE]
	at org.springframework.context.support.AbstractApplicationContext.refresh(AbstractApplicationContext.java:482) ~[spring-context-3.2.18.RELEASE.jar:3.2.18.RELEASE]
	at org.springframework.context.support.ClassPathXmlApplicationContext.<init>(ClassPathXmlApplicationContext.java:139) ~[spring-context-3.2.18.RELEASE.jar:3.2.18.RELEASE]
	at org.springframework.context.support.ClassPathXmlApplicationContext.<init>(ClassPathXmlApplicationContext.java:83) ~[spring-context-3.2.18.RELEASE.jar:3.2.18.RELEASE]
	at com.alibaba.otter.canal.instance.spring.SpringCanalInstanceGenerator.getBeanFactory(SpringCanalInstanceGenerator.java:46) ~[canal.instance.spring-1.1.5-SNAPSHOT.jar:na]
	at com.alibaba.otter.canal.instance.spring.SpringCanalInstanceGenerator.generate(SpringCanalInstanceGenerator.java:29) ~[canal.instance.spring-1.1.5-SNAPSHOT.jar:na]
	at com.alibaba.otter.canal.deployer.CanalController$5.generate(CanalController.java:392) ~[canal.deployer-1.1.5-SNAPSHOT.jar:na]
	at com.alibaba.otter.canal.server.embedded.CanalServerWithEmbedded$1.apply(CanalServerWithEmbedded.java:85) ~[canal.server-1.1.5-SNAPSHOT.jar:na]
	at com.alibaba.otter.canal.server.embedded.CanalServerWithEmbedded$1.apply(CanalServerWithEmbedded.java:82) ~[canal.server-1.1.5-SNAPSHOT.jar:na]
	at com.google.common.collect.ComputingConcurrentHashMap$ComputingValueReference.compute(ComputingConcurrentHashMap.java:356) ~[guava-18.0.jar:na]
	at com.google.common.collect.ComputingConcurrentHashMap$ComputingSegment.compute(ComputingConcurrentHashMap.java:182) ~[guava-18.0.jar:na]
	at com.google.common.collect.ComputingConcurrentHashMap$ComputingSegment.getOrCompute(ComputingConcurrentHashMap.java:151) ~[guava-18.0.jar:na]
	at com.google.common.collect.ComputingConcurrentHashMap.getOrCompute(ComputingConcurrentHashMap.java:67) ~[guava-18.0.jar:na]
	at com.google.common.collect.MapMaker$ComputingMapAdapter.get(MapMaker.java:885) ~[guava-18.0.jar:na]
	at com.alibaba.otter.canal.server.embedded.CanalServerWithEmbedded.start(CanalServerWithEmbedded.java:137) ~[canal.server-1.1.5-SNAPSHOT.jar:na]
	at com.alibaba.otter.canal.deployer.CanalController$2$1.processActiveEnter(CanalController.java:160) ~[canal.deployer-1.1.5-SNAPSHOT.jar:na]
	at com.alibaba.otter.canal.common.zookeeper.running.ServerRunningMonitor.processActiveEnter(ServerRunningMonitor.java:247) ~[canal.common-1.1.5-SNAPSHOT.jar:na]
	at com.alibaba.otter.canal.common.zookeeper.running.ServerRunningMonitor.start(ServerRunningMonitor.java:104) ~[canal.common-1.1.5-SNAPSHOT.jar:na]
	at com.alibaba.otter.canal.deployer.CanalController.start(CanalController.java:513) [canal.deployer-1.1.5-SNAPSHOT.jar:na]
	at com.alibaba.otter.canal.deployer.CanalStarter.start(CanalStarter.java:85) [canal.deployer-1.1.5-SNAPSHOT.jar:na]
	at com.alibaba.otter.canal.deployer.CanalLauncher.main(CanalLauncher.java:115) [canal.deployer-1.1.5-SNAPSHOT.jar:na]
Caused by: org.springframework.beans.factory.BeanCreationException: Error creating bean with name 'eventParser' defined in class path resource [spring/file-instance.xml]: Initialization of bean failed; nested exception is org.springframework.beans.TypeMismatchException: Failed to convert property value of type 'java.lang.String' to required type 'java.nio.charset.Charset' for property 'connectionCharset'; nested exception is java.nio.charset.IllegalCharsetNameException: UTF-8 #mysql编码
	at org.springframework.beans.factory.support.AbstractAutowireCapableBeanFactory.doCreateBean(AbstractAutowireCapableBeanFactory.java:527) ~[spring-beans-3.2.18.RELEASE.jar:3.2.18.RELEASE]
	at org.springframework.beans.factory.support.AbstractAutowireCapableBeanFactory.createBean(AbstractAutowireCapableBeanFactory.java:456) ~[spring-beans-3.2.18.RELEASE.jar:3.2.18.RELEASE]
	at org.springframework.beans.factory.support.AbstractBeanFactory$1.getObject(AbstractBeanFactory.java:293) ~[spring-beans-3.2.18.RELEASE.jar:3.2.18.RELEASE]
	at org.springframework.beans.factory.support.DefaultSingletonBeanRegistry.getSingleton(DefaultSingletonBeanRegistry.java:223) ~[spring-beans-3.2.18.RELEASE.jar:3.2.18.RELEASE]
	at org.springframework.beans.factory.support.AbstractBeanFactory.doGetBean(AbstractBeanFactory.java:290) ~[spring-beans-3.2.18.RELEASE.jar:3.2.18.RELEASE]
	at org.springframework.beans.factory.support.AbstractBeanFactory.getBean(AbstractBeanFactory.java:191) ~[spring-beans-3.2.18.RELEASE.jar:3.2.18.RELEASE]
	at org.springframework.beans.factory.support.BeanDefinitionValueResolver.resolveReference(BeanDefinitionValueResolver.java:328) ~[spring-beans-3.2.18.RELEASE.jar:3.2.18.RELEASE]
	... 31 common frames omitted
Caused by: org.springframework.beans.TypeMismatchException: Failed to convert property value of type 'java.lang.String' to required type 'java.nio.charset.Charset' for property 'connectionCharset'; nested exception is java.nio.charset.IllegalCharsetNameException: UTF-8 #mysql编码
	at org.springframework.beans.BeanWrapperImpl.convertIfNecessary(BeanWrapperImpl.java:469) ~[spring-beans-3.2.18.RELEASE.jar:3.2.18.RELEASE]
	at org.springframework.beans.BeanWrapperImpl.convertForProperty(BeanWrapperImpl.java:495) ~[spring-beans-3.2.18.RELEASE.jar:3.2.18.RELEASE]
	at org.springframework.beans.BeanWrapperImpl.convertForProperty(BeanWrapperImpl.java:489) ~[spring-beans-3.2.18.RELEASE.jar:3.2.18.RELEASE]
	at org.springframework.beans.factory.support.AbstractAutowireCapableBeanFactory.convertForProperty(AbstractAutowireCapableBeanFactory.java:1465) ~[spring-beans-3.2.18.RELEASE.jar:3.2.18.RELEASE]
	at org.springframework.beans.factory.support.AbstractAutowireCapableBeanFactory.applyPropertyValues(AbstractAutowireCapableBeanFactory.java:1424) ~[spring-beans-3.2.18.RELEASE.jar:3.2.18.RELEASE]
	at org.springframework.beans.factory.support.AbstractAutowireCapableBeanFactory.populateBean(AbstractAutowireCapableBeanFactory.java:1160) ~[spring-beans-3.2.18.RELEASE.jar:3.2.18.RELEASE]
	at org.springframework.beans.factory.support.AbstractAutowireCapableBeanFactory.doCreateBean(AbstractAutowireCapableBeanFactory.java:517) ~[spring-beans-3.2.18.RELEASE.jar:3.2.18.RELEASE]
	... 37 common frames omitted
Caused by: java.nio.charset.IllegalCharsetNameException: UTF-8 #mysql编码
	at java.nio.charset.Charset.checkName(Charset.java:315) ~[na:1.8.0_251]
	at java.nio.charset.Charset.lookup2(Charset.java:484) ~[na:1.8.0_251]
	at java.nio.charset.Charset.lookup(Charset.java:464) ~[na:1.8.0_251]
	at java.nio.charset.Charset.forName(Charset.java:528) ~[na:1.8.0_251]
	at org.springframework.beans.propertyeditors.CharsetEditor.setAsText(CharsetEditor.java:40) ~[spring-beans-3.2.18.RELEASE.jar:3.2.18.RELEASE]
	at org.springframework.beans.TypeConverterDelegate.doConvertTextValue(TypeConverterDelegate.java:455) ~[spring-beans-3.2.18.RELEASE.jar:3.2.18.RELEASE]
	at org.springframework.beans.TypeConverterDelegate.doConvertValue(TypeConverterDelegate.java:427) ~[spring-beans-3.2.18.RELEASE.jar:3.2.18.RELEASE]
	at org.springframework.beans.TypeConverterDelegate.convertIfNecessary(TypeConverterDelegate.java:181) ~[spring-beans-3.2.18.RELEASE.jar:3.2.18.RELEASE]
	at org.springframework.beans.BeanWrapperImpl.convertIfNecessary(BeanWrapperImpl.java:449) ~[spring-beans-3.2.18.RELEASE.jar:3.2.18.RELEASE]
	... 43 common frames omitted
2020-05-07 09:37:18.278 [main] INFO  com.alibaba.otter.canal.deployer.CanalStarter - ## the canal server is running now ......
2020-05-07 09:37:25.916 [Thread-3] INFO  com.alibaba.otter.canal.deployer.CanalStarter - ## stop the canal server
2020-05-07 09:37:25.928 [Thread-3] INFO  com.alibaba.otter.canal.deployer.CanalController - ## stop the canal server[192.168.1.175(192.168.1.175):11111]
2020-05-07 09:37:25.936 [Thread-3] INFO  com.alibaba.otter.canal.deployer.CanalStarter - ## canal server is down.
2020-05-07 09:37:31.600 [main] INFO  com.alibaba.otter.canal.deployer.CanalLauncher - ## set default uncaught exception handler
2020-05-07 09:37:31.629 [main] INFO  com.alibaba.otter.canal.deployer.CanalLauncher - ## load canal configurations
2020-05-07 09:37:31.637 [main] INFO  com.alibaba.otter.canal.deployer.CanalStarter - ## start the canal server.
2020-05-07 09:37:31.663 [main] INFO  com.alibaba.otter.canal.deployer.CanalController - ## start the canal server[192.168.1.175(192.168.1.175):11111]
2020-05-07 09:37:32.109 [main] ERROR c.a.o.c.common.zookeeper.running.ServerRunningMonitor - start failed
com.google.common.collect.ComputationException: com.alibaba.otter.canal.common.CanalException: org.springframework.beans.factory.BeanCreationException: Error creating bean with name 'instance' defined in class path resource [spring/file-instance.xml]: Cannot resolve reference to bean 'eventParser' while setting bean property 'eventParser'; nested exception is org.springframework.beans.factory.BeanCreationException: Error creating bean with name 'eventParser' defined in class path resource [spring/file-instance.xml]: Cannot create inner bean 'com.alibaba.otter.canal.parse.support.AuthenticationInfo#222114ba' of type [com.alibaba.otter.canal.parse.support.AuthenticationInfo] while setting bean property 'masterInfo'; nested exception is org.springframework.beans.factory.BeanCreationException: Error creating bean with name 'com.alibaba.otter.canal.parse.support.AuthenticationInfo#222114ba' defined in class path resource [spring/file-instance.xml]: Initialization of bean failed; nested exception is org.springframework.beans.TypeMismatchException: Failed to convert property value of type 'java.lang.String' to required type 'java.net.InetSocketAddress' for property 'address'; nested exception is java.lang.NumberFormatException: For input string: "3306 #182.61.34.117 mysql服务器ip"
	at com.google.common.collect.MapMaker$ComputingMapAdapter.get(MapMaker.java:889) ~[guava-18.0.jar:na]
	at com.alibaba.otter.canal.server.embedded.CanalServerWithEmbedded.start(CanalServerWithEmbedded.java:137) ~[canal.server-1.1.5-SNAPSHOT.jar:na]
	at com.alibaba.otter.canal.deployer.CanalController$2$1.processActiveEnter(CanalController.java:160) ~[canal.deployer-1.1.5-SNAPSHOT.jar:na]
	at com.alibaba.otter.canal.common.zookeeper.running.ServerRunningMonitor.processActiveEnter(ServerRunningMonitor.java:247) ~[canal.common-1.1.5-SNAPSHOT.jar:na]
	at com.alibaba.otter.canal.common.zookeeper.running.ServerRunningMonitor.start(ServerRunningMonitor.java:104) ~[canal.common-1.1.5-SNAPSHOT.jar:na]
	at com.alibaba.otter.canal.deployer.CanalController.start(CanalController.java:513) [canal.deployer-1.1.5-SNAPSHOT.jar:na]
	at com.alibaba.otter.canal.deployer.CanalStarter.start(CanalStarter.java:85) [canal.deployer-1.1.5-SNAPSHOT.jar:na]
	at com.alibaba.otter.canal.deployer.CanalLauncher.main(CanalLauncher.java:115) [canal.deployer-1.1.5-SNAPSHOT.jar:na]
Caused by: com.alibaba.otter.canal.common.CanalException: org.springframework.beans.factory.BeanCreationException: Error creating bean with name 'instance' defined in class path resource [spring/file-instance.xml]: Cannot resolve reference to bean 'eventParser' while setting bean property 'eventParser'; nested exception is org.springframework.beans.factory.BeanCreationException: Error creating bean with name 'eventParser' defined in class path resource [spring/file-instance.xml]: Cannot create inner bean 'com.alibaba.otter.canal.parse.support.AuthenticationInfo#222114ba' of type [com.alibaba.otter.canal.parse.support.AuthenticationInfo] while setting bean property 'masterInfo'; nested exception is org.springframework.beans.factory.BeanCreationException: Error creating bean with name 'com.alibaba.otter.canal.parse.support.AuthenticationInfo#222114ba' defined in class path resource [spring/file-instance.xml]: Initialization of bean failed; nested exception is org.springframework.beans.TypeMismatchException: Failed to convert property value of type 'java.lang.String' to required type 'java.net.InetSocketAddress' for property 'address'; nested exception is java.lang.NumberFormatException: For input string: "3306 #182.61.34.117 mysql服务器ip"
Caused by: org.springframework.beans.factory.BeanCreationException: Error creating bean with name 'instance' defined in class path resource [spring/file-instance.xml]: Cannot resolve reference to bean 'eventParser' while setting bean property 'eventParser'; nested exception is org.springframework.beans.factory.BeanCreationException: Error creating bean with name 'eventParser' defined in class path resource [spring/file-instance.xml]: Cannot create inner bean 'com.alibaba.otter.canal.parse.support.AuthenticationInfo#222114ba' of type [com.alibaba.otter.canal.parse.support.AuthenticationInfo] while setting bean property 'masterInfo'; nested exception is org.springframework.beans.factory.BeanCreationException: Error creating bean with name 'com.alibaba.otter.canal.parse.support.AuthenticationInfo#222114ba' defined in class path resource [spring/file-instance.xml]: Initialization of bean failed; nested exception is org.springframework.beans.TypeMismatchException: Failed to convert property value of type 'java.lang.String' to required type 'java.net.InetSocketAddress' for property 'address'; nested exception is java.lang.NumberFormatException: For input string: "3306 #182.61.34.117 mysql服务器ip"
	at org.springframework.beans.factory.support.BeanDefinitionValueResolver.resolveReference(BeanDefinitionValueResolver.java:334) ~[spring-beans-3.2.18.RELEASE.jar:3.2.18.RELEASE]
	at org.springframework.beans.factory.support.BeanDefinitionValueResolver.resolveValueIfNecessary(BeanDefinitionValueResolver.java:108) ~[spring-beans-3.2.18.RELEASE.jar:3.2.18.RELEASE]
	at org.springframework.beans.factory.support.AbstractAutowireCapableBeanFactory.applyPropertyValues(AbstractAutowireCapableBeanFactory.java:1419) ~[spring-beans-3.2.18.RELEASE.jar:3.2.18.RELEASE]
	at org.springframework.beans.factory.support.AbstractAutowireCapableBeanFactory.populateBean(AbstractAutowireCapableBeanFactory.java:1160) ~[spring-beans-3.2.18.RELEASE.jar:3.2.18.RELEASE]
	at org.springframework.beans.factory.support.AbstractAutowireCapableBeanFactory.doCreateBean(AbstractAutowireCapableBeanFactory.java:517) ~[spring-beans-3.2.18.RELEASE.jar:3.2.18.RELEASE]
	at org.springframework.beans.factory.support.AbstractAutowireCapableBeanFactory.createBean(AbstractAutowireCapableBeanFactory.java:456) ~[spring-beans-3.2.18.RELEASE.jar:3.2.18.RELEASE]
	at org.springframework.beans.factory.support.AbstractBeanFactory$1.getObject(AbstractBeanFactory.java:293) ~[spring-beans-3.2.18.RELEASE.jar:3.2.18.RELEASE]
	at org.springframework.beans.factory.support.DefaultSingletonBeanRegistry.getSingleton(DefaultSingletonBeanRegistry.java:223) ~[spring-beans-3.2.18.RELEASE.jar:3.2.18.RELEASE]
	at org.springframework.beans.factory.support.AbstractBeanFactory.doGetBean(AbstractBeanFactory.java:290) ~[spring-beans-3.2.18.RELEASE.jar:3.2.18.RELEASE]
	at org.springframework.beans.factory.support.AbstractBeanFactory.getBean(AbstractBeanFactory.java:191) ~[spring-beans-3.2.18.RELEASE.jar:3.2.18.RELEASE]
	at org.springframework.beans.factory.support.DefaultListableBeanFactory.preInstantiateSingletons(DefaultListableBeanFactory.java:638) ~[spring-beans-3.2.18.RELEASE.jar:3.2.18.RELEASE]
	at org.springframework.context.support.AbstractApplicationContext.finishBeanFactoryInitialization(AbstractApplicationContext.java:942) ~[spring-context-3.2.18.RELEASE.jar:3.2.18.RELEASE]
	at org.springframework.context.support.AbstractApplicationContext.refresh(AbstractApplicationContext.java:482) ~[spring-context-3.2.18.RELEASE.jar:3.2.18.RELEASE]
	at org.springframework.context.support.ClassPathXmlApplicationContext.<init>(ClassPathXmlApplicationContext.java:139) ~[spring-context-3.2.18.RELEASE.jar:3.2.18.RELEASE]
	at org.springframework.context.support.ClassPathXmlApplicationContext.<init>(ClassPathXmlApplicationContext.java:83) ~[spring-context-3.2.18.RELEASE.jar:3.2.18.RELEASE]
	at com.alibaba.otter.canal.instance.spring.SpringCanalInstanceGenerator.getBeanFactory(SpringCanalInstanceGenerator.java:46) ~[canal.instance.spring-1.1.5-SNAPSHOT.jar:na]
	at com.alibaba.otter.canal.instance.spring.SpringCanalInstanceGenerator.generate(SpringCanalInstanceGenerator.java:29) ~[canal.instance.spring-1.1.5-SNAPSHOT.jar:na]
	at com.alibaba.otter.canal.deployer.CanalController$5.generate(CanalController.java:392) ~[canal.deployer-1.1.5-SNAPSHOT.jar:na]
	at com.alibaba.otter.canal.server.embedded.CanalServerWithEmbedded$1.apply(CanalServerWithEmbedded.java:85) ~[canal.server-1.1.5-SNAPSHOT.jar:na]
	at com.alibaba.otter.canal.server.embedded.CanalServerWithEmbedded$1.apply(CanalServerWithEmbedded.java:82) ~[canal.server-1.1.5-SNAPSHOT.jar:na]
	at com.google.common.collect.ComputingConcurrentHashMap$ComputingValueReference.compute(ComputingConcurrentHashMap.java:356) ~[guava-18.0.jar:na]
	at com.google.common.collect.ComputingConcurrentHashMap$ComputingSegment.compute(ComputingConcurrentHashMap.java:182) ~[guava-18.0.jar:na]
	at com.google.common.collect.ComputingConcurrentHashMap$ComputingSegment.getOrCompute(ComputingConcurrentHashMap.java:151) ~[guava-18.0.jar:na]
	at com.google.common.collect.ComputingConcurrentHashMap.getOrCompute(ComputingConcurrentHashMap.java:67) ~[guava-18.0.jar:na]
	at com.google.common.collect.MapMaker$ComputingMapAdapter.get(MapMaker.java:885) ~[guava-18.0.jar:na]
	at com.alibaba.otter.canal.server.embedded.CanalServerWithEmbedded.start(CanalServerWithEmbedded.java:137) ~[canal.server-1.1.5-SNAPSHOT.jar:na]
	at com.alibaba.otter.canal.deployer.CanalController$2$1.processActiveEnter(CanalController.java:160) ~[canal.deployer-1.1.5-SNAPSHOT.jar:na]
	at com.alibaba.otter.canal.common.zookeeper.running.ServerRunningMonitor.processActiveEnter(ServerRunningMonitor.java:247) ~[canal.common-1.1.5-SNAPSHOT.jar:na]
	at com.alibaba.otter.canal.common.zookeeper.running.ServerRunningMonitor.start(ServerRunningMonitor.java:104) ~[canal.common-1.1.5-SNAPSHOT.jar:na]
	at com.alibaba.otter.canal.deployer.CanalController.start(CanalController.java:513) [canal.deployer-1.1.5-SNAPSHOT.jar:na]
	at com.alibaba.otter.canal.deployer.CanalStarter.start(CanalStarter.java:85) [canal.deployer-1.1.5-SNAPSHOT.jar:na]
	at com.alibaba.otter.canal.deployer.CanalLauncher.main(CanalLauncher.java:115) [canal.deployer-1.1.5-SNAPSHOT.jar:na]
Caused by: org.springframework.beans.factory.BeanCreationException: Error creating bean with name 'eventParser' defined in class path resource [spring/file-instance.xml]: Cannot create inner bean 'com.alibaba.otter.canal.parse.support.AuthenticationInfo#222114ba' of type [com.alibaba.otter.canal.parse.support.AuthenticationInfo] while setting bean property 'masterInfo'; nested exception is org.springframework.beans.factory.BeanCreationException: Error creating bean with name 'com.alibaba.otter.canal.parse.support.AuthenticationInfo#222114ba' defined in class path resource [spring/file-instance.xml]: Initialization of bean failed; nested exception is org.springframework.beans.TypeMismatchException: Failed to convert property value of type 'java.lang.String' to required type 'java.net.InetSocketAddress' for property 'address'; nested exception is java.lang.NumberFormatException: For input string: "3306 #182.61.34.117 mysql服务器ip"
	at org.springframework.beans.factory.support.BeanDefinitionValueResolver.resolveInnerBean(BeanDefinitionValueResolver.java:287) ~[spring-beans-3.2.18.RELEASE.jar:3.2.18.RELEASE]
	at org.springframework.beans.factory.support.BeanDefinitionValueResolver.resolveValueIfNecessary(BeanDefinitionValueResolver.java:122) ~[spring-beans-3.2.18.RELEASE.jar:3.2.18.RELEASE]
	at org.springframework.beans.factory.support.AbstractAutowireCapableBeanFactory.applyPropertyValues(AbstractAutowireCapableBeanFactory.java:1419) ~[spring-beans-3.2.18.RELEASE.jar:3.2.18.RELEASE]
	at org.springframework.beans.factory.support.AbstractAutowireCapableBeanFactory.populateBean(AbstractAutowireCapableBeanFactory.java:1160) ~[spring-beans-3.2.18.RELEASE.jar:3.2.18.RELEASE]
	at org.springframework.beans.factory.support.AbstractAutowireCapableBeanFactory.doCreateBean(AbstractAutowireCapableBeanFactory.java:517) ~[spring-beans-3.2.18.RELEASE.jar:3.2.18.RELEASE]
	at org.springframework.beans.factory.support.AbstractAutowireCapableBeanFactory.createBean(AbstractAutowireCapableBeanFactory.java:456) ~[spring-beans-3.2.18.RELEASE.jar:3.2.18.RELEASE]
	at org.springframework.beans.factory.support.AbstractBeanFactory$1.getObject(AbstractBeanFactory.java:293) ~[spring-beans-3.2.18.RELEASE.jar:3.2.18.RELEASE]
	at org.springframework.beans.factory.support.DefaultSingletonBeanRegistry.getSingleton(DefaultSingletonBeanRegistry.java:223) ~[spring-beans-3.2.18.RELEASE.jar:3.2.18.RELEASE]
	at org.springframework.beans.factory.support.AbstractBeanFactory.doGetBean(AbstractBeanFactory.java:290) ~[spring-beans-3.2.18.RELEASE.jar:3.2.18.RELEASE]
	at org.springframework.beans.factory.support.AbstractBeanFactory.getBean(AbstractBeanFactory.java:191) ~[spring-beans-3.2.18.RELEASE.jar:3.2.18.RELEASE]
	at org.springframework.beans.factory.support.BeanDefinitionValueResolver.resolveReference(BeanDefinitionValueResolver.java:328) ~[spring-beans-3.2.18.RELEASE.jar:3.2.18.RELEASE]
	... 31 common frames omitted
Caused by: org.springframework.beans.factory.BeanCreationException: Error creating bean with name 'com.alibaba.otter.canal.parse.support.AuthenticationInfo#222114ba' defined in class path resource [spring/file-instance.xml]: Initialization of bean failed; nested exception is org.springframework.beans.TypeMismatchException: Failed to convert property value of type 'java.lang.String' to required type 'java.net.InetSocketAddress' for property 'address'; nested exception is java.lang.NumberFormatException: For input string: "3306 #182.61.34.117 mysql服务器ip"
	at org.springframework.beans.factory.support.AbstractAutowireCapableBeanFactory.doCreateBean(AbstractAutowireCapableBeanFactory.java:527) ~[spring-beans-3.2.18.RELEASE.jar:3.2.18.RELEASE]
	at org.springframework.beans.factory.support.AbstractAutowireCapableBeanFactory.createBean(AbstractAutowireCapableBeanFactory.java:456) ~[spring-beans-3.2.18.RELEASE.jar:3.2.18.RELEASE]
	at org.springframework.beans.factory.support.BeanDefinitionValueResolver.resolveInnerBean(BeanDefinitionValueResolver.java:276) ~[spring-beans-3.2.18.RELEASE.jar:3.2.18.RELEASE]
	... 41 common frames omitted
Caused by: org.springframework.beans.TypeMismatchException: Failed to convert property value of type 'java.lang.String' to required type 'java.net.InetSocketAddress' for property 'address'; nested exception is java.lang.NumberFormatException: For input string: "3306 #182.61.34.117 mysql服务器ip"
	at org.springframework.beans.BeanWrapperImpl.convertIfNecessary(BeanWrapperImpl.java:469) ~[spring-beans-3.2.18.RELEASE.jar:3.2.18.RELEASE]
	at org.springframework.beans.BeanWrapperImpl.convertForProperty(BeanWrapperImpl.java:495) ~[spring-beans-3.2.18.RELEASE.jar:3.2.18.RELEASE]
	at org.springframework.beans.BeanWrapperImpl.convertForProperty(BeanWrapperImpl.java:489) ~[spring-beans-3.2.18.RELEASE.jar:3.2.18.RELEASE]
	at org.springframework.beans.factory.support.AbstractAutowireCapableBeanFactory.convertForProperty(AbstractAutowireCapableBeanFactory.java:1465) ~[spring-beans-3.2.18.RELEASE.jar:3.2.18.RELEASE]
	at org.springframework.beans.factory.support.AbstractAutowireCapableBeanFactory.applyPropertyValues(AbstractAutowireCapableBeanFactory.java:1424) ~[spring-beans-3.2.18.RELEASE.jar:3.2.18.RELEASE]
	at org.springframework.beans.factory.support.AbstractAutowireCapableBeanFactory.populateBean(AbstractAutowireCapableBeanFactory.java:1160) ~[spring-beans-3.2.18.RELEASE.jar:3.2.18.RELEASE]
	at org.springframework.beans.factory.support.AbstractAutowireCapableBeanFactory.doCreateBean(AbstractAutowireCapableBeanFactory.java:517) ~[spring-beans-3.2.18.RELEASE.jar:3.2.18.RELEASE]
	... 43 common frames omitted
Caused by: java.lang.NumberFormatException: For input string: "3306 #182.61.34.117 mysql服务器ip"
	at java.lang.NumberFormatException.forInputString(NumberFormatException.java:65) ~[na:1.8.0_251]
	at java.lang.Integer.parseInt(Integer.java:580) ~[na:1.8.0_251]
	at java.lang.Integer.valueOf(Integer.java:766) ~[na:1.8.0_251]
	at com.alibaba.otter.canal.instance.spring.support.SocketAddressEditor.setAsText(SocketAddressEditor.java:22) ~[canal.instance.spring-1.1.5-SNAPSHOT.jar:na]
	at org.springframework.beans.TypeConverterDelegate.doConvertTextValue(TypeConverterDelegate.java:455) ~[spring-beans-3.2.18.RELEASE.jar:3.2.18.RELEASE]
	at org.springframework.beans.TypeConverterDelegate.doConvertValue(TypeConverterDelegate.java:427) ~[spring-beans-3.2.18.RELEASE.jar:3.2.18.RELEASE]
	at org.springframework.beans.TypeConverterDelegate.convertIfNecessary(TypeConverterDelegate.java:181) ~[spring-beans-3.2.18.RELEASE.jar:3.2.18.RELEASE]
	at org.springframework.beans.BeanWrapperImpl.convertIfNecessary(BeanWrapperImpl.java:449) ~[spring-beans-3.2.18.RELEASE.jar:3.2.18.RELEASE]
	... 49 common frames omitted
2020-05-07 09:37:32.140 [main] INFO  com.alibaba.otter.canal.deployer.CanalStarter - ## the canal server is running now ......
2020-05-07 09:38:10.356 [Thread-3] INFO  com.alibaba.otter.canal.deployer.CanalStarter - ## stop the canal server
2020-05-07 09:38:10.368 [Thread-3] INFO  com.alibaba.otter.canal.deployer.CanalController - ## stop the canal server[192.168.1.175(192.168.1.175):11111]
2020-05-07 09:38:10.375 [Thread-3] INFO  com.alibaba.otter.canal.deployer.CanalStarter - ## canal server is down.
2020-05-07 09:38:15.322 [main] INFO  com.alibaba.otter.canal.deployer.CanalLauncher - ## set default uncaught exception handler
2020-05-07 09:38:15.350 [main] INFO  com.alibaba.otter.canal.deployer.CanalLauncher - ## load canal configurations
2020-05-07 09:38:15.358 [main] INFO  com.alibaba.otter.canal.deployer.CanalStarter - ## start the canal server.
2020-05-07 09:38:15.385 [main] INFO  com.alibaba.otter.canal.deployer.CanalController - ## start the canal server[192.168.1.175(192.168.1.175):11111]
2020-05-07 09:38:16.229 [main] INFO  com.alibaba.otter.canal.deployer.CanalStarter - ## the canal server is running now ......
