2020-05-07 09:38:15.689 [main] INFO  c.a.o.c.i.spring.support.PropertyPlaceholderConfigurer - Loading properties file from class path resource [canal.properties]
2020-05-07 09:38:15.693 [main] INFO  c.a.o.c.i.spring.support.PropertyPlaceholderConfigurer - Loading properties file from class path resource [example/instance.properties]
2020-05-07 09:38:15.823 [main] WARN  o.s.beans.GenericTypeAwarePropertyDescriptor - Invalid JavaBean property 'connectionCharset' being accessed! Ambiguous write methods found next to actually used [public void com.alibaba.otter.canal.parse.inbound.mysql.AbstractMysqlEventParser.setConnectionCharset(java.lang.String)]: [public void com.alibaba.otter.canal.parse.inbound.mysql.AbstractMysqlEventParser.setConnectionCharset(java.nio.charset.Charset)]
2020-05-07 09:38:15.851 [main] INFO  c.a.o.c.i.spring.support.PropertyPlaceholderConfigurer - Loading properties file from class path resource [canal.properties]
2020-05-07 09:38:15.852 [main] INFO  c.a.o.c.i.spring.support.PropertyPlaceholderConfigurer - Loading properties file from class path resource [example/instance.properties]
2020-05-07 09:38:16.190 [main] INFO  c.a.otter.canal.instance.spring.CanalInstanceWithSpring - start CannalInstance for 1-example 
2020-05-07 09:38:16.196 [main] WARN  c.a.o.canal.parse.inbound.mysql.dbsync.LogEventConvert - --> init table filter : ^.*\..*$
2020-05-07 09:38:16.196 [main] WARN  c.a.o.canal.parse.inbound.mysql.dbsync.LogEventConvert - --> init table black filter : 
2020-05-07 09:38:16.201 [main] INFO  c.a.otter.canal.instance.core.AbstractCanalInstance - start successful....
2020-05-07 09:38:16.254 [destination = example , address = /127.0.0.1:3306 , EventParser] WARN  c.a.o.c.p.inbound.mysql.rds.RdsBinlogEventParserProxy - ---> begin to find start position, it will be long time for reset or first position
2020-05-07 09:38:16.254 [destination = example , address = /127.0.0.1:3306 , EventParser] WARN  c.a.o.c.p.inbound.mysql.rds.RdsBinlogEventParserProxy - prepare to find start position just show master status
2020-05-07 09:38:17.872 [destination = example , address = /127.0.0.1:3306 , EventParser] WARN  c.a.o.c.p.inbound.mysql.rds.RdsBinlogEventParserProxy - ---> find start position successfully, EntryPosition[included=false,journalName=mysql-bin.000015,position=4,serverId=2,gtid=<null>,timestamp=1588814863000] cost : 1574ms , the next step is binlog dump
2020-05-07 09:38:31.401 [New I/O server worker #1-1] INFO  c.a.otter.canal.instance.core.AbstractCanalInstance - subscribe filter change to .*\..*
2020-05-07 09:38:31.402 [New I/O server worker #1-1] WARN  c.a.o.canal.parse.inbound.mysql.dbsync.LogEventConvert - --> init table filter : ^.*\..*$
2020-05-07 09:41:29.119 [New I/O server worker #1-2] INFO  c.a.otter.canal.instance.core.AbstractCanalInstance - subscribe filter change to .*\..*
2020-05-07 09:41:29.120 [New I/O server worker #1-2] WARN  c.a.o.canal.parse.inbound.mysql.dbsync.LogEventConvert - --> init table filter : ^.*\..*$
2020-05-07 09:47:03.232 [New I/O server worker #1-3] INFO  c.a.otter.canal.instance.core.AbstractCanalInstance - subscribe filter change to .*\..*
2020-05-07 09:47:03.232 [New I/O server worker #1-3] WARN  c.a.o.canal.parse.inbound.mysql.dbsync.LogEventConvert - --> init table filter : ^.*\..*$
2020-05-07 09:50:41.702 [New I/O server worker #1-4] INFO  c.a.otter.canal.instance.core.AbstractCanalInstance - subscribe filter change to .*\..*
2020-05-07 09:50:41.702 [New I/O server worker #1-4] WARN  c.a.o.canal.parse.inbound.mysql.dbsync.LogEventConvert - --> init table filter : ^.*\..*$
2020-05-07 09:52:46.605 [New I/O server worker #1-5] INFO  c.a.otter.canal.instance.core.AbstractCanalInstance - subscribe filter change to .*\..*
2020-05-07 09:52:46.606 [New I/O server worker #1-5] WARN  c.a.o.canal.parse.inbound.mysql.dbsync.LogEventConvert - --> init table filter : ^.*\..*$
2020-05-07 10:01:32.063 [New I/O server worker #1-6] INFO  c.a.otter.canal.instance.core.AbstractCanalInstance - subscribe filter change to .*\..*
2020-05-07 10:01:32.063 [New I/O server worker #1-6] WARN  c.a.o.canal.parse.inbound.mysql.dbsync.LogEventConvert - --> init table filter : ^.*\..*$
2020-05-07 10:10:16.527 [New I/O server worker #1-7] INFO  c.a.otter.canal.instance.core.AbstractCanalInstance - subscribe filter change to .*\..*
2020-05-07 10:10:16.528 [New I/O server worker #1-7] WARN  c.a.o.canal.parse.inbound.mysql.dbsync.LogEventConvert - --> init table filter : ^.*\..*$
